<?xml version="1.0" encoding="utf-8"?>
<CoverageSession xmlns:xsd="http://www.w3.org/2001/XMLSchema" xmlns:xsi="http://www.w3.org/2001/XMLSchema-instance" Version="0.0.0.0">
  <Summary numSequencePoints="0" visitedSequencePoints="0" numBranchPoints="0" visitedBranchPoints="0" sequenceCoverage="0" branchCoverage="0" maxCyclomaticComplexity="0" minCyclomaticComplexity="0" maxCrapScore="0" minCrapScore="0" visitedClasses="0" numClasses="0" visitedMethods="0" numMethods="0" />
  <Modules>
    <Module>
      <Summary numSequencePoints="0" visitedSequencePoints="0" numBranchPoints="0" visitedBranchPoints="0" sequenceCoverage="0" branchCoverage="0" maxCyclomaticComplexity="0" minCyclomaticComplexity="0" maxCrapScore="0" minCrapScore="0" visitedClasses="0" numClasses="0" visitedMethods="0" numMethods="0" />
      <ModuleTime>0001-01-01T00:00:00</ModuleTime>
      <ModuleName>Hangman.Views</ModuleName>
      <Files>
        <File uid="1" fullPath="D:\Proyectos\Empresa\HangmanGame\Assets\Scripts\Views\GallowView.cs" />
        <File uid="2" fullPath="D:\Proyectos\Empresa\HangmanGame\Assets\Scripts\Views\InGameView.cs" />
        <File uid="3" fullPath="D:\Proyectos\Empresa\HangmanGame\Assets\Scripts\Views\KeyboardView.cs" />
        <File uid="4" fullPath="D:\Proyectos\Empresa\HangmanGame\Assets\Scripts\Views\LoadingView.cs" />
        <File uid="5" fullPath="D:\Proyectos\Empresa\HangmanGame\Assets\Scripts\Views\MainMenuView.cs" />
      </Files>
      <Classes>
        <Class>
          <Summary numSequencePoints="0" visitedSequencePoints="0" numBranchPoints="0" visitedBranchPoints="0" sequenceCoverage="0" branchCoverage="0" maxCyclomaticComplexity="0" minCyclomaticComplexity="0" maxCrapScore="0" minCrapScore="0" visitedClasses="0" numClasses="0" visitedMethods="0" numMethods="0" />
          <FullName>Views.GallowView</FullName>
          <Methods>
            <Method visited="true" cyclomaticComplexity="0" nPathComplexity="0" sequenceCoverage="100.0" branchCoverage="0" crapScore="0" isConstructor="false" isStatic="false" isGetter="true" isSetter="false">
              <Summary numSequencePoints="0" visitedSequencePoints="0" numBranchPoints="0" visitedBranchPoints="0" sequenceCoverage="100.0" branchCoverage="0" maxCyclomaticComplexity="0" minCyclomaticComplexity="0" maxCrapScore="0" minCrapScore="0" visitedClasses="0" numClasses="0" visitedMethods="0" numMethods="0" />
              <MetadataToken>100663297</MetadataToken>
              <Name>UnityEngine.UI.Image[] Views.GallowView::get_Images()</Name>
              <FileRef uid="1" />
              <SequencePoints>
                <SequencePoint vc="106" uspid="1" ordinal="0" offset="0" sl="14" sc="20" el="14" ec="20" bec="0" bev="0" fileid="1" />
              </SequencePoints>
              <BranchPoints />
            </Method>
            <Method visited="true" cyclomaticComplexity="0" nPathComplexity="0" sequenceCoverage="100.0" branchCoverage="0" crapScore="0" isConstructor="false" isStatic="false" isGetter="false" isSetter="true">
              <Summary numSequencePoints="0" visitedSequencePoints="0" numBranchPoints="0" visitedBranchPoints="0" sequenceCoverage="100.0" branchCoverage="0" maxCyclomaticComplexity="0" minCyclomaticComplexity="0" maxCrapScore="0" minCrapScore="0" visitedClasses="0" numClasses="0" visitedMethods="0" numMethods="0" />
              <MetadataToken>100663298</MetadataToken>
              <Name>System.Void Views.GallowView::set_Images(UnityEngine.UI.Image[])</Name>
              <FileRef uid="1" />
              <SequencePoints>
                <SequencePoint vc="2" uspid="2" ordinal="0" offset="0" sl="15" sc="20" el="15" ec="20" bec="0" bev="0" fileid="1" />
              </SequencePoints>
              <BranchPoints />
            </Method>
            <Method visited="true" cyclomaticComplexity="0" nPathComplexity="0" sequenceCoverage="100.0" branchCoverage="0" crapScore="0" isConstructor="false" isStatic="false" isGetter="false" isSetter="false">
              <Summary numSequencePoints="0" visitedSequencePoints="0" numBranchPoints="0" visitedBranchPoints="0" sequenceCoverage="100.0" branchCoverage="0" maxCyclomaticComplexity="0" minCyclomaticComplexity="0" maxCrapScore="0" minCrapScore="0" visitedClasses="0" numClasses="0" visitedMethods="0" numMethods="0" />
              <MetadataToken>100663299</MetadataToken>
              <Name>System.Void Views.GallowView::SetModel(InterfaceAdapters.Controllers.InGameViewModel)</Name>
              <FileRef uid="1" />
              <SequencePoints>
                <SequencePoint vc="2" uspid="3" ordinal="0" offset="0" sl="19" sc="9" el="19" ec="9" bec="0" bev="0" fileid="1" />
                <SequencePoint vc="2" uspid="4" ordinal="0" offset="1" sl="20" sc="13" el="20" ec="13" bec="0" bev="0" fileid="1" />
                <SequencePoint vc="2" uspid="5" ordinal="0" offset="2" sl="20" sc="35" el="20" ec="35" bec="0" bev="0" fileid="1" />
                <SequencePoint vc="20" uspid="6" ordinal="0" offset="19" sl="20" sc="22" el="20" ec="22" bec="0" bev="0" fileid="1" />
                <SequencePoint vc="20" uspid="7" ordinal="0" offset="28" sl="21" sc="13" el="21" ec="13" bec="0" bev="0" fileid="1" />
                <SequencePoint vc="20" uspid="8" ordinal="0" offset="29" sl="22" sc="17" el="22" ec="17" bec="0" bev="0" fileid="1" />
                <SequencePoint vc="20" uspid="9" ordinal="0" offset="53" sl="23" sc="13" el="23" ec="13" bec="0" bev="0" fileid="1" />
                <SequencePoint vc="22" uspid="10" ordinal="0" offset="58" sl="20" sc="32" el="20" ec="32" bec="0" bev="0" fileid="1" />
                <SequencePoint vc="2" uspid="11" ordinal="0" offset="64" sl="24" sc="9" el="24" ec="9" bec="0" bev="0" fileid="1" />
              </SequencePoints>
              <BranchPoints />
            </Method>
          </Methods>
        </Class>
        <Class>
          <Summary numSequencePoints="0" visitedSequencePoints="0" numBranchPoints="0" visitedBranchPoints="0" sequenceCoverage="0" branchCoverage="0" maxCyclomaticComplexity="0" minCyclomaticComplexity="0" maxCrapScore="0" minCrapScore="0" visitedClasses="0" numClasses="0" visitedMethods="0" numMethods="0" />
          <FullName>Views.InGameView</FullName>
          <Methods>
            <Method visited="true" cyclomaticComplexity="0" nPathComplexity="0" sequenceCoverage="100.0" branchCoverage="0" crapScore="0" isConstructor="false" isStatic="false" isGetter="true" isSetter="false">
              <Summary numSequencePoints="0" visitedSequencePoints="0" numBranchPoints="0" visitedBranchPoints="0" sequenceCoverage="100.0" branchCoverage="0" maxCyclomaticComplexity="0" minCyclomaticComplexity="0" maxCrapScore="0" minCrapScore="0" visitedClasses="0" numClasses="0" visitedMethods="0" numMethods="0" />
              <MetadataToken>100663301</MetadataToken>
              <Name>UnityEngine.UI.Text Views.InGameView::get_CurrentWordText()</Name>
              <FileRef uid="2" />
              <SequencePoints>
                <SequencePoint vc="2" uspid="12" ordinal="0" offset="0" sl="19" sc="20" el="19" ec="20" bec="0" bev="0" fileid="2" />
              </SequencePoints>
              <BranchPoints />
            </Method>
            <Method visited="true" cyclomaticComplexity="0" nPathComplexity="0" sequenceCoverage="100.0" branchCoverage="0" crapScore="0" isConstructor="false" isStatic="false" isGetter="false" isSetter="true">
              <Summary numSequencePoints="0" visitedSequencePoints="0" numBranchPoints="0" visitedBranchPoints="0" sequenceCoverage="100.0" branchCoverage="0" maxCyclomaticComplexity="0" minCyclomaticComplexity="0" maxCrapScore="0" minCrapScore="0" visitedClasses="0" numClasses="0" visitedMethods="0" numMethods="0" />
              <MetadataToken>100663302</MetadataToken>
              <Name>System.Void Views.InGameView::set_CurrentWordText(UnityEngine.UI.Text)</Name>
              <FileRef uid="2" />
              <SequencePoints>
                <SequencePoint vc="10" uspid="13" ordinal="0" offset="0" sl="20" sc="20" el="20" ec="20" bec="0" bev="0" fileid="2" />
              </SequencePoints>
              <BranchPoints />
            </Method>
            <Method visited="false" cyclomaticComplexity="0" nPathComplexity="0" sequenceCoverage="0.0" branchCoverage="0" crapScore="0" isConstructor="false" isStatic="false" isGetter="true" isSetter="false">
              <Summary numSequencePoints="0" visitedSequencePoints="0" numBranchPoints="0" visitedBranchPoints="0" sequenceCoverage="0.0" branchCoverage="0" maxCyclomaticComplexity="0" minCyclomaticComplexity="0" maxCrapScore="0" minCrapScore="0" visitedClasses="0" numClasses="0" visitedMethods="0" numMethods="0" />
              <MetadataToken>100663303</MetadataToken>
              <Name>UnityEngine.UI.Image Views.InGameView::get_VictoryImage()</Name>
              <FileRef uid="2" />
              <SequencePoints>
                <SequencePoint vc="0" uspid="14" ordinal="0" offset="0" sl="25" sc="0" el="25" ec="0" bec="0" bev="0" fileid="2" />
              </SequencePoints>
              <BranchPoints />
            </Method>
            <Method visited="true" cyclomaticComplexity="0" nPathComplexity="0" sequenceCoverage="100.0" branchCoverage="0" crapScore="0" isConstructor="false" isStatic="false" isGetter="false" isSetter="true">
              <Summary numSequencePoints="0" visitedSequencePoints="0" numBranchPoints="0" visitedBranchPoints="0" sequenceCoverage="100.0" branchCoverage="0" maxCyclomaticComplexity="0" minCyclomaticComplexity="0" maxCrapScore="0" minCrapScore="0" visitedClasses="0" numClasses="0" visitedMethods="0" numMethods="0" />
              <MetadataToken>100663304</MetadataToken>
              <Name>System.Void Views.InGameView::set_VictoryImage(UnityEngine.UI.Image)</Name>
              <FileRef uid="2" />
              <SequencePoints>
                <SequencePoint vc="10" uspid="15" ordinal="0" offset="0" sl="26" sc="20" el="26" ec="20" bec="0" bev="0" fileid="2" />
              </SequencePoints>
              <BranchPoints />
            </Method>
            <Method visited="true" cyclomaticComplexity="0" nPathComplexity="0" sequenceCoverage="100.0" branchCoverage="0" crapScore="0" isConstructor="false" isStatic="false" isGetter="true" isSetter="false">
              <Summary numSequencePoints="0" visitedSequencePoints="0" numBranchPoints="0" visitedBranchPoints="0" sequenceCoverage="100.0" branchCoverage="0" maxCyclomaticComplexity="0" minCyclomaticComplexity="0" maxCrapScore="0" minCrapScore="0" visitedClasses="0" numClasses="0" visitedMethods="0" numMethods="0" />
              <MetadataToken>100663305</MetadataToken>
              <Name>UnityEngine.UI.Button Views.InGameView::get_RestartGameButton()</Name>
              <FileRef uid="2" />
              <SequencePoints>
                <SequencePoint vc="1" uspid="16" ordinal="0" offset="0" sl="31" sc="20" el="31" ec="20" bec="0" bev="0" fileid="2" />
              </SequencePoints>
              <BranchPoints />
            </Method>
            <Method visited="true" cyclomaticComplexity="0" nPathComplexity="0" sequenceCoverage="100.0" branchCoverage="0" crapScore="0" isConstructor="false" isStatic="false" isGetter="false" isSetter="true">
              <Summary numSequencePoints="0" visitedSequencePoints="0" numBranchPoints="0" visitedBranchPoints="0" sequenceCoverage="100.0" branchCoverage="0" maxCyclomaticComplexity="0" minCyclomaticComplexity="0" maxCrapScore="0" minCrapScore="0" visitedClasses="0" numClasses="0" visitedMethods="0" numMethods="0" />
              <MetadataToken>100663306</MetadataToken>
              <Name>System.Void Views.InGameView::set_RestartGameButton(UnityEngine.UI.Button)</Name>
              <FileRef uid="2" />
              <SequencePoints>
                <SequencePoint vc="10" uspid="17" ordinal="0" offset="0" sl="32" sc="20" el="32" ec="20" bec="0" bev="0" fileid="2" />
              </SequencePoints>
              <BranchPoints />
            </Method>
            <Method visited="false" cyclomaticComplexity="0" nPathComplexity="0" sequenceCoverage="0.0" branchCoverage="0" crapScore="0" isConstructor="false" isStatic="false" isGetter="true" isSetter="false">
              <Summary numSequencePoints="0" visitedSequencePoints="0" numBranchPoints="0" visitedBranchPoints="0" sequenceCoverage="0.0" branchCoverage="0" maxCyclomaticComplexity="0" minCyclomaticComplexity="0" maxCrapScore="0" minCrapScore="0" visitedClasses="0" numClasses="0" visitedMethods="0" numMethods="0" />
              <MetadataToken>100663307</MetadataToken>
              <Name>UnityEngine.UI.Image Views.InGameView::get_GameOverImage()</Name>
              <FileRef uid="2" />
              <SequencePoints>
                <SequencePoint vc="0" uspid="18" ordinal="0" offset="0" sl="37" sc="0" el="37" ec="0" bec="0" bev="0" fileid="2" />
              </SequencePoints>
              <BranchPoints />
            </Method>
            <Method visited="true" cyclomaticComplexity="0" nPathComplexity="0" sequenceCoverage="100.0" branchCoverage="0" crapScore="0" isConstructor="false" isStatic="false" isGetter="false" isSetter="true">
              <Summary numSequencePoints="0" visitedSequencePoints="0" numBranchPoints="0" visitedBranchPoints="0" sequenceCoverage="100.0" branchCoverage="0" maxCyclomaticComplexity="0" minCyclomaticComplexity="0" maxCrapScore="0" minCrapScore="0" visitedClasses="0" numClasses="0" visitedMethods="0" numMethods="0" />
              <MetadataToken>100663308</MetadataToken>
              <Name>System.Void Views.InGameView::set_GameOverImage(UnityEngine.UI.Image)</Name>
              <FileRef uid="2" />
              <SequencePoints>
                <SequencePoint vc="10" uspid="19" ordinal="0" offset="0" sl="38" sc="20" el="38" ec="20" bec="0" bev="0" fileid="2" />
              </SequencePoints>
              <BranchPoints />
            </Method>
            <Method visited="false" cyclomaticComplexity="0" nPathComplexity="0" sequenceCoverage="0.0" branchCoverage="0" crapScore="0" isConstructor="false" isStatic="false" isGetter="true" isSetter="false">
              <Summary numSequencePoints="0" visitedSequencePoints="0" numBranchPoints="0" visitedBranchPoints="0" sequenceCoverage="0.0" branchCoverage="0" maxCyclomaticComplexity="0" minCyclomaticComplexity="0" maxCrapScore="0" minCrapScore="0" visitedClasses="0" numClasses="0" visitedMethods="0" numMethods="0" />
              <MetadataToken>100663309</MetadataToken>
              <Name>UnityEngine.GameObject Views.InGameView::get_EndGameImage()</Name>
              <FileRef uid="2" />
              <SequencePoints>
                <SequencePoint vc="0" uspid="20" ordinal="0" offset="0" sl="43" sc="0" el="43" ec="0" bec="0" bev="0" fileid="2" />
              </SequencePoints>
              <BranchPoints />
            </Method>
            <Method visited="true" cyclomaticComplexity="0" nPathComplexity="0" sequenceCoverage="100.0" branchCoverage="0" crapScore="0" isConstructor="false" isStatic="false" isGetter="false" isSetter="true">
              <Summary numSequencePoints="0" visitedSequencePoints="0" numBranchPoints="0" visitedBranchPoints="0" sequenceCoverage="100.0" branchCoverage="0" maxCyclomaticComplexity="0" minCyclomaticComplexity="0" maxCrapScore="0" minCrapScore="0" visitedClasses="0" numClasses="0" visitedMethods="0" numMethods="0" />
              <MetadataToken>100663310</MetadataToken>
              <Name>System.Void Views.InGameView::set_EndGameImage(UnityEngine.GameObject)</Name>
              <FileRef uid="2" />
              <SequencePoints>
                <SequencePoint vc="10" uspid="21" ordinal="0" offset="0" sl="44" sc="20" el="44" ec="20" bec="0" bev="0" fileid="2" />
              </SequencePoints>
              <BranchPoints />
            </Method>
            <Method visited="true" cyclomaticComplexity="0" nPathComplexity="0" sequenceCoverage="100.0" branchCoverage="0" crapScore="0" isConstructor="false" isStatic="false" isGetter="false" isSetter="false">
              <Summary numSequencePoints="0" visitedSequencePoints="0" numBranchPoints="0" visitedBranchPoints="0" sequenceCoverage="100.0" branchCoverage="0" maxCyclomaticComplexity="0" minCyclomaticComplexity="0" maxCrapScore="0" minCrapScore="0" visitedClasses="0" numClasses="0" visitedMethods="0" numMethods="0" />
              <MetadataToken>100663311</MetadataToken>
              <Name>System.Void Views.InGameView::SetModel(InterfaceAdapters.Controllers.InGameViewModel)</Name>
              <FileRef uid="2" />
              <SequencePoints>
                <SequencePoint vc="10" uspid="22" ordinal="0" offset="0" sl="48" sc="9" el="48" ec="9" bec="0" bev="0" fileid="2" />
                <SequencePoint vc="10" uspid="23" ordinal="0" offset="1" sl="49" sc="13" el="49" ec="13" bec="0" bev="0" fileid="2" />
                <SequencePoint vc="10" uspid="24" ordinal="0" offset="25" sl="50" sc="13" el="50" ec="13" bec="0" bev="0" fileid="2" />
                <SequencePoint vc="10" uspid="25" ordinal="0" offset="49" sl="51" sc="13" el="51" ec="13" bec="0" bev="0" fileid="2" />
                <SequencePoint vc="10" uspid="26" ordinal="0" offset="73" sl="52" sc="13" el="52" ec="13" bec="0" bev="0" fileid="2" />
                <SequencePoint vc="10" uspid="27" ordinal="0" offset="97" sl="53" sc="13" el="53" ec="13" bec="0" bev="0" fileid="2" />
                <SequencePoint vc="10" uspid="28" ordinal="0" offset="121" sl="54" sc="13" el="54" ec="13" bec="0" bev="0" fileid="2" />
                <SequencePoint vc="10" uspid="29" ordinal="0" offset="139" sl="55" sc="9" el="55" ec="9" bec="0" bev="0" fileid="2" />
              </SequencePoints>
              <BranchPoints />
            </Method>
            <Method visited="true" cyclomaticComplexity="0" nPathComplexity="0" sequenceCoverage="100.0" branchCoverage="0" crapScore="0" isConstructor="false" isStatic="false" isGetter="false" isSetter="false">
              <Summary numSequencePoints="0" visitedSequencePoints="0" numBranchPoints="0" visitedBranchPoints="0" sequenceCoverage="100.0" branchCoverage="0" maxCyclomaticComplexity="0" minCyclomaticComplexity="0" maxCrapScore="0" minCrapScore="0" visitedClasses="0" numClasses="0" visitedMethods="0" numMethods="0" />
              <MetadataToken>100663313</MetadataToken>
              <Name>System.Void Views.InGameView::&lt;SetModel&gt;b__20_0(System.String)</Name>
              <FileRef uid="2" />
              <SequencePoints>
                <SequencePoint vc="11" uspid="30" ordinal="0" offset="0" sl="49" sc="59" el="49" ec="59" bec="0" bev="0" fileid="2" />
              </SequencePoints>
              <BranchPoints />
            </Method>
            <Method visited="true" cyclomaticComplexity="0" nPathComplexity="0" sequenceCoverage="100.0" branchCoverage="0" crapScore="0" isConstructor="false" isStatic="false" isGetter="false" isSetter="false">
              <Summary numSequencePoints="0" visitedSequencePoints="0" numBranchPoints="0" visitedBranchPoints="0" sequenceCoverage="100.0" branchCoverage="0" maxCyclomaticComplexity="0" minCyclomaticComplexity="0" maxCrapScore="0" minCrapScore="0" visitedClasses="0" numClasses="0" visitedMethods="0" numMethods="0" />
              <MetadataToken>100663314</MetadataToken>
              <Name>System.Void Views.InGameView::&lt;SetModel&gt;b__20_1(System.Boolean)</Name>
              <FileRef uid="2" />
              <SequencePoints>
                <SequencePoint vc="12" uspid="31" ordinal="0" offset="0" sl="50" sc="62" el="50" ec="62" bec="0" bev="0" fileid="2" />
              </SequencePoints>
              <BranchPoints />
            </Method>
            <Method visited="true" cyclomaticComplexity="0" nPathComplexity="0" sequenceCoverage="100.0" branchCoverage="0" crapScore="0" isConstructor="false" isStatic="false" isGetter="false" isSetter="false">
              <Summary numSequencePoints="0" visitedSequencePoints="0" numBranchPoints="0" visitedBranchPoints="0" sequenceCoverage="100.0" branchCoverage="0" maxCyclomaticComplexity="0" minCyclomaticComplexity="0" maxCrapScore="0" minCrapScore="0" visitedClasses="0" numClasses="0" visitedMethods="0" numMethods="0" />
              <MetadataToken>100663315</MetadataToken>
              <Name>System.Void Views.InGameView::&lt;SetModel&gt;b__20_2(System.Boolean)</Name>
              <FileRef uid="2" />
              <SequencePoints>
                <SequencePoint vc="12" uspid="32" ordinal="0" offset="0" sl="51" sc="69" el="51" ec="69" bec="0" bev="0" fileid="2" />
              </SequencePoints>
              <BranchPoints />
            </Method>
            <Method visited="true" cyclomaticComplexity="0" nPathComplexity="0" sequenceCoverage="100.0" branchCoverage="0" crapScore="0" isConstructor="false" isStatic="false" isGetter="false" isSetter="false">
              <Summary numSequencePoints="0" visitedSequencePoints="0" numBranchPoints="0" visitedBranchPoints="0" sequenceCoverage="100.0" branchCoverage="0" maxCyclomaticComplexity="0" minCyclomaticComplexity="0" maxCrapScore="0" minCrapScore="0" visitedClasses="0" numClasses="0" visitedMethods="0" numMethods="0" />
              <MetadataToken>100663316</MetadataToken>
              <Name>System.Void Views.InGameView::&lt;SetModel&gt;b__20_3(System.Boolean)</Name>
              <FileRef uid="2" />
              <SequencePoints>
                <SequencePoint vc="12" uspid="33" ordinal="0" offset="0" sl="52" sc="70" el="52" ec="70" bec="0" bev="0" fileid="2" />
              </SequencePoints>
              <BranchPoints />
            </Method>
            <Method visited="true" cyclomaticComplexity="0" nPathComplexity="0" sequenceCoverage="100.0" branchCoverage="0" crapScore="0" isConstructor="false" isStatic="false" isGetter="false" isSetter="false">
              <Summary numSequencePoints="0" visitedSequencePoints="0" numBranchPoints="0" visitedBranchPoints="0" sequenceCoverage="100.0" branchCoverage="0" maxCyclomaticComplexity="0" minCyclomaticComplexity="0" maxCrapScore="0" minCrapScore="0" visitedClasses="0" numClasses="0" visitedMethods="0" numMethods="0" />
              <MetadataToken>100663317</MetadataToken>
              <Name>System.Void Views.InGameView::&lt;SetModel&gt;b__20_4(System.Boolean)</Name>
              <FileRef uid="2" />
              <SequencePoints>
                <SequencePoint vc="12" uspid="34" ordinal="0" offset="0" sl="53" sc="69" el="53" ec="69" bec="0" bev="0" fileid="2" />
              </SequencePoints>
              <BranchPoints />
            </Method>
          </Methods>
        </Class>
        <Class>
          <Summary numSequencePoints="0" visitedSequencePoints="0" numBranchPoints="0" visitedBranchPoints="0" sequenceCoverage="0" branchCoverage="0" maxCyclomaticComplexity="0" minCyclomaticComplexity="0" maxCrapScore="0" minCrapScore="0" visitedClasses="0" numClasses="0" visitedMethods="0" numMethods="0" />
          <FullName>Views.KeyboardView</FullName>
          <Methods>
            <Method visited="true" cyclomaticComplexity="0" nPathComplexity="0" sequenceCoverage="100.0" branchCoverage="0" crapScore="0" isConstructor="false" isStatic="false" isGetter="true" isSetter="false">
              <Summary numSequencePoints="0" visitedSequencePoints="0" numBranchPoints="0" visitedBranchPoints="0" sequenceCoverage="100.0" branchCoverage="0" maxCyclomaticComplexity="0" minCyclomaticComplexity="0" maxCrapScore="0" minCrapScore="0" visitedClasses="0" numClasses="0" visitedMethods="0" numMethods="0" />
              <MetadataToken>100663318</MetadataToken>
              <Name>UnityEngine.UI.Button[] Views.KeyboardView::get_Buttons()</Name>
              <FileRef uid="3" />
              <SequencePoints>
                <SequencePoint vc="24" uspid="35" ordinal="0" offset="0" sl="15" sc="20" el="15" ec="20" bec="0" bev="0" fileid="3" />
              </SequencePoints>
              <BranchPoints />
            </Method>
            <Method visited="true" cyclomaticComplexity="0" nPathComplexity="0" sequenceCoverage="100.0" branchCoverage="0" crapScore="0" isConstructor="false" isStatic="false" isGetter="false" isSetter="true">
              <Summary numSequencePoints="0" visitedSequencePoints="0" numBranchPoints="0" visitedBranchPoints="0" sequenceCoverage="100.0" branchCoverage="0" maxCyclomaticComplexity="0" minCyclomaticComplexity="0" maxCrapScore="0" minCrapScore="0" visitedClasses="0" numClasses="0" visitedMethods="0" numMethods="0" />
              <MetadataToken>100663319</MetadataToken>
              <Name>System.Void Views.KeyboardView::set_Buttons(UnityEngine.UI.Button[])</Name>
              <FileRef uid="3" />
              <SequencePoints>
                <SequencePoint vc="2" uspid="36" ordinal="0" offset="0" sl="16" sc="20" el="16" ec="20" bec="0" bev="0" fileid="3" />
              </SequencePoints>
              <BranchPoints />
            </Method>
            <Method visited="true" cyclomaticComplexity="0" nPathComplexity="0" sequenceCoverage="100.0" branchCoverage="0" crapScore="0" isConstructor="false" isStatic="false" isGetter="false" isSetter="false">
              <Summary numSequencePoints="0" visitedSequencePoints="0" numBranchPoints="0" visitedBranchPoints="0" sequenceCoverage="100.0" branchCoverage="0" maxCyclomaticComplexity="0" minCyclomaticComplexity="0" maxCrapScore="0" minCrapScore="0" visitedClasses="0" numClasses="0" visitedMethods="0" numMethods="0" />
              <MetadataToken>100663320</MetadataToken>
              <Name>System.Void Views.KeyboardView::SetModel(InterfaceAdapters.Controllers.InGameViewModel)</Name>
              <FileRef uid="3" />
              <SequencePoints>
                <SequencePoint vc="2" uspid="37" ordinal="0" offset="13" sl="20" sc="9" el="20" ec="9" bec="0" bev="0" fileid="3" />
                <SequencePoint vc="2" uspid="38" ordinal="0" offset="14" sl="21" sc="13" el="21" ec="13" bec="0" bev="0" fileid="3" />
                <SequencePoint vc="2" uspid="39" ordinal="0" offset="15" sl="21" sc="36" el="21" ec="36" bec="0" bev="0" fileid="3" />
                <SequencePoint vc="4" uspid="40" ordinal="0" offset="42" sl="21" sc="22" el="21" ec="22" bec="0" bev="0" fileid="3" />
                <SequencePoint vc="4" uspid="41" ordinal="0" offset="66" sl="22" sc="13" el="22" ec="13" bec="0" bev="0" fileid="3" />
                <SequencePoint vc="4" uspid="42" ordinal="0" offset="67" sl="23" sc="17" el="23" ec="17" bec="0" bev="0" fileid="3" />
                <SequencePoint vc="4" uspid="43" ordinal="0" offset="96" sl="25" sc="17" el="25" ec="17" bec="0" bev="0" fileid="3" />
                <SequencePoint vc="4" uspid="44" ordinal="0" offset="132" sl="29" sc="17" el="29" ec="17" bec="0" bev="0" fileid="3" />
                <SequencePoint vc="4" uspid="45" ordinal="0" offset="163" sl="30" sc="17" el="30" ec="17" bec="0" bev="0" fileid="3" />
                <SequencePoint vc="4" uspid="46" ordinal="0" offset="194" sl="31" sc="17" el="31" ec="17" bec="0" bev="0" fileid="3" />
                <SequencePoint vc="4" uspid="47" ordinal="0" offset="225" sl="36" sc="13" el="36" ec="13" bec="0" bev="0" fileid="3" />
                <SequencePoint vc="6" uspid="48" ordinal="0" offset="230" sl="21" sc="33" el="21" ec="33" bec="0" bev="0" fileid="3" />
                <SequencePoint vc="2" uspid="49" ordinal="0" offset="239" sl="37" sc="9" el="37" ec="9" bec="0" bev="0" fileid="3" />
              </SequencePoints>
              <BranchPoints />
            </Method>
          </Methods>
        </Class>
        <Class>
          <Summary numSequencePoints="0" visitedSequencePoints="0" numBranchPoints="0" visitedBranchPoints="0" sequenceCoverage="0" branchCoverage="0" maxCyclomaticComplexity="0" minCyclomaticComplexity="0" maxCrapScore="0" minCrapScore="0" visitedClasses="0" numClasses="0" visitedMethods="0" numMethods="0" />
          <FullName>Views.LoadingView</FullName>
          <Methods>
            <Method visited="true" cyclomaticComplexity="0" nPathComplexity="0" sequenceCoverage="100.0" branchCoverage="0" crapScore="0" isConstructor="false" isStatic="false" isGetter="true" isSetter="false">
              <Summary numSequencePoints="0" visitedSequencePoints="0" numBranchPoints="0" visitedBranchPoints="0" sequenceCoverage="100.0" branchCoverage="0" maxCyclomaticComplexity="0" minCyclomaticComplexity="0" maxCrapScore="0" minCrapScore="0" visitedClasses="0" numClasses="0" visitedMethods="0" numMethods="0" />
              <MetadataToken>100663322</MetadataToken>
              <Name>UnityEngine.CanvasGroup Views.LoadingView::get_CanvasGroup()</Name>
              <FileRef uid="4" />
              <SequencePoints>
                <SequencePoint vc="10" uspid="50" ordinal="0" offset="0" sl="13" sc="20" el="13" ec="20" bec="0" bev="0" fileid="4" />
              </SequencePoints>
              <BranchPoints />
            </Method>
            <Method visited="true" cyclomaticComplexity="0" nPathComplexity="0" sequenceCoverage="100.0" branchCoverage="0" crapScore="0" isConstructor="false" isStatic="false" isGetter="false" isSetter="true">
              <Summary numSequencePoints="0" visitedSequencePoints="0" numBranchPoints="0" visitedBranchPoints="0" sequenceCoverage="100.0" branchCoverage="0" maxCyclomaticComplexity="0" minCyclomaticComplexity="0" maxCrapScore="0" minCrapScore="0" visitedClasses="0" numClasses="0" visitedMethods="0" numMethods="0" />
              <MetadataToken>100663323</MetadataToken>
              <Name>System.Void Views.LoadingView::set_CanvasGroup(UnityEngine.CanvasGroup)</Name>
              <FileRef uid="4" />
              <SequencePoints>
                <SequencePoint vc="2" uspid="51" ordinal="0" offset="0" sl="14" sc="20" el="14" ec="20" bec="0" bev="0" fileid="4" />
              </SequencePoints>
              <BranchPoints />
            </Method>
            <Method visited="true" cyclomaticComplexity="0" nPathComplexity="0" sequenceCoverage="100.0" branchCoverage="0" crapScore="0" isConstructor="false" isStatic="false" isGetter="false" isSetter="false">
              <Summary numSequencePoints="0" visitedSequencePoints="0" numBranchPoints="0" visitedBranchPoints="0" sequenceCoverage="100.0" branchCoverage="0" maxCyclomaticComplexity="0" minCyclomaticComplexity="0" maxCrapScore="0" minCrapScore="0" visitedClasses="0" numClasses="0" visitedMethods="0" numMethods="0" />
              <MetadataToken>100663324</MetadataToken>
              <Name>System.Void Views.LoadingView::SetModel(InterfaceAdapters.Controllers.LoadingViewModel)</Name>
              <FileRef uid="4" />
              <SequencePoints>
                <SequencePoint vc="2" uspid="52" ordinal="0" offset="0" sl="18" sc="9" el="18" ec="9" bec="0" bev="0" fileid="4" />
                <SequencePoint vc="2" uspid="53" ordinal="0" offset="1" sl="19" sc="13" el="19" ec="13" bec="0" bev="0" fileid="4" />
                <SequencePoint vc="2" uspid="54" ordinal="0" offset="25" sl="25" sc="9" el="25" ec="9" bec="0" bev="0" fileid="4" />
              </SequencePoints>
              <BranchPoints />
            </Method>
            <Method visited="true" cyclomaticComplexity="0" nPathComplexity="0" sequenceCoverage="100.0" branchCoverage="0" crapScore="0" isConstructor="false" isStatic="false" isGetter="false" isSetter="false">
              <Summary numSequencePoints="0" visitedSequencePoints="0" numBranchPoints="0" visitedBranchPoints="0" sequenceCoverage="100.0" branchCoverage="0" maxCyclomaticComplexity="0" minCyclomaticComplexity="0" maxCrapScore="0" minCrapScore="0" visitedClasses="0" numClasses="0" visitedMethods="0" numMethods="0" />
              <MetadataToken>100663326</MetadataToken>
              <Name>System.Void Views.LoadingView::&lt;SetModel&gt;b__4_0(System.Boolean)</Name>
              <FileRef uid="4" />
              <SequencePoints>
                <SequencePoint vc="4" uspid="55" ordinal="0" offset="0" sl="20" sc="13" el="20" ec="13" bec="0" bev="0" fileid="4" />
                <SequencePoint vc="4" uspid="56" ordinal="0" offset="1" sl="21" sc="17" el="21" ec="17" bec="0" bev="0" fileid="4" />
                <SequencePoint vc="4" uspid="57" ordinal="0" offset="21" sl="22" sc="17" el="22" ec="17" bec="0" bev="0" fileid="4" />
                <SequencePoint vc="4" uspid="58" ordinal="0" offset="34" sl="23" sc="17" el="23" ec="17" bec="0" bev="0" fileid="4" />
                <SequencePoint vc="4" uspid="59" ordinal="0" offset="47" sl="24" sc="13" el="24" ec="13" bec="0" bev="0" fileid="4" />
              </SequencePoints>
              <BranchPoints />
            </Method>
          </Methods>
        </Class>
        <Class>
          <Summary numSequencePoints="0" visitedSequencePoints="0" numBranchPoints="0" visitedBranchPoints="0" sequenceCoverage="0" branchCoverage="0" maxCyclomaticComplexity="0" minCyclomaticComplexity="0" maxCrapScore="0" minCrapScore="0" visitedClasses="0" numClasses="0" visitedMethods="0" numMethods="0" />
          <FullName>Views.MainMenuView</FullName>
          <Methods>
            <Method visited="true" cyclomaticComplexity="0" nPathComplexity="0" sequenceCoverage="100.0" branchCoverage="0" crapScore="0" isConstructor="false" isStatic="false" isGetter="true" isSetter="false">
              <Summary numSequencePoints="0" visitedSequencePoints="0" numBranchPoints="0" visitedBranchPoints="0" sequenceCoverage="100.0" branchCoverage="0" maxCyclomaticComplexity="0" minCyclomaticComplexity="0" maxCrapScore="0" minCrapScore="0" visitedClasses="0" numClasses="0" visitedMethods="0" numMethods="0" />
              <MetadataToken>100663327</MetadataToken>
              <Name>UnityEngine.UI.Button Views.MainMenuView::get_StartGameButton()</Name>
              <FileRef uid="5" />
              <SequencePoints>
                <SequencePoint vc="1" uspid="60" ordinal="0" offset="0" sl="15" sc="20" el="15" ec="20" bec="0" bev="0" fileid="5" />
              </SequencePoints>
              <BranchPoints />
            </Method>
            <Method visited="true" cyclomaticComplexity="0" nPathComplexity="0" sequenceCoverage="100.0" branchCoverage="0" crapScore="0" isConstructor="false" isStatic="false" isGetter="false" isSetter="true">
              <Summary numSequencePoints="0" visitedSequencePoints="0" numBranchPoints="0" visitedBranchPoints="0" sequenceCoverage="100.0" branchCoverage="0" maxCyclomaticComplexity="0" minCyclomaticComplexity="0" maxCrapScore="0" minCrapScore="0" visitedClasses="0" numClasses="0" visitedMethods="0" numMethods="0" />
              <MetadataToken>100663328</MetadataToken>
              <Name>System.Void Views.MainMenuView::set_StartGameButton(UnityEngine.UI.Button)</Name>
              <FileRef uid="5" />
              <SequencePoints>
                <SequencePoint vc="3" uspid="61" ordinal="0" offset="0" sl="16" sc="20" el="16" ec="20" bec="0" bev="0" fileid="5" />
              </SequencePoints>
              <BranchPoints />
            </Method>
            <Method visited="true" cyclomaticComplexity="0" nPathComplexity="0" sequenceCoverage="100.0" branchCoverage="0" crapScore="0" isConstructor="false" isStatic="false" isGetter="false" isSetter="false">
              <Summary numSequencePoints="0" visitedSequencePoints="0" numBranchPoints="0" visitedBranchPoints="0" sequenceCoverage="100.0" branchCoverage="0" maxCyclomaticComplexity="0" minCyclomaticComplexity="0" maxCrapScore="0" minCrapScore="0" visitedClasses="0" numClasses="0" visitedMethods="0" numMethods="0" />
              <MetadataToken>100663329</MetadataToken>
              <Name>System.Void Views.MainMenuView::SetModel(InterfaceAdapters.Controllers.MainMenuViewModel)</Name>
              <FileRef uid="5" />
              <SequencePoints>
                <SequencePoint vc="3" uspid="62" ordinal="0" offset="0" sl="20" sc="9" el="20" ec="9" bec="0" bev="0" fileid="5" />
                <SequencePoint vc="3" uspid="63" ordinal="0" offset="1" sl="21" sc="13" el="21" ec="13" bec="0" bev="0" fileid="5" />
                <SequencePoint vc="3" uspid="64" ordinal="0" offset="19" sl="22" sc="13" el="22" ec="13" bec="0" bev="0" fileid="5" />
                <SequencePoint vc="3" uspid="65" ordinal="0" offset="43" sl="23" sc="9" el="23" ec="9" bec="0" bev="0" fileid="5" />
              </SequencePoints>
              <BranchPoints />
            </Method>
            <Method visited="true" cyclomaticComplexity="0" nPathComplexity="0" sequenceCoverage="100.0" branchCoverage="0" crapScore="0" isConstructor="false" isStatic="false" isGetter="false" isSetter="false">
              <Summary numSequencePoints="0" visitedSequencePoints="0" numBranchPoints="0" visitedBranchPoints="0" sequenceCoverage="100.0" branchCoverage="0" maxCyclomaticComplexity="0" minCyclomaticComplexity="0" maxCrapScore="0" minCrapScore="0" visitedClasses="0" numClasses="0" visitedMethods="0" numMethods="0" />
              <MetadataToken>100663331</MetadataToken>
              <Name>System.Void Views.MainMenuView::&lt;SetModel&gt;b__4_0(System.Boolean)</Name>
              <FileRef uid="5" />
              <SequencePoints>
                <SequencePoint vc="5" uspid="66" ordinal="0" offset="0" sl="22" sc="56" el="22" ec="56" bec="0" bev="0" fileid="5" />
              </SequencePoints>
              <BranchPoints />
            </Method>
          </Methods>
        </Class>
        <Class>
          <Summary numSequencePoints="0" visitedSequencePoints="0" numBranchPoints="0" visitedBranchPoints="0" sequenceCoverage="0" branchCoverage="0" maxCyclomaticComplexity="0" minCyclomaticComplexity="0" maxCrapScore="0" minCrapScore="0" visitedClasses="0" numClasses="0" visitedMethods="0" numMethods="0" />
          <FullName>Views.GallowView/&lt;&gt;c__DisplayClass4_0</FullName>
          <Methods>
            <Method visited="true" cyclomaticComplexity="0" nPathComplexity="0" sequenceCoverage="100.0" branchCoverage="0" crapScore="0" isConstructor="false" isStatic="false" isGetter="false" isSetter="false">
              <Summary numSequencePoints="0" visitedSequencePoints="0" numBranchPoints="0" visitedBranchPoints="0" sequenceCoverage="100.0" branchCoverage="0" maxCyclomaticComplexity="0" minCyclomaticComplexity="0" maxCrapScore="0" minCrapScore="0" visitedClasses="0" numClasses="0" visitedMethods="0" numMethods="0" />
              <MetadataToken>100663333</MetadataToken>
              <Name>System.Void Views.GallowView/&lt;&gt;c__DisplayClass4_0::&lt;SetModel&gt;b__0(System.Boolean)</Name>
              <FileRef uid="1" />
              <SequencePoints>
                <SequencePoint vc="60" uspid="67" ordinal="0" offset="0" sl="22" sc="81" el="22" ec="81" bec="0" bev="0" fileid="1" />
              </SequencePoints>
              <BranchPoints />
            </Method>
          </Methods>
        </Class>
        <Class>
          <Summary numSequencePoints="0" visitedSequencePoints="0" numBranchPoints="0" visitedBranchPoints="0" sequenceCoverage="0" branchCoverage="0" maxCyclomaticComplexity="0" minCyclomaticComplexity="0" maxCrapScore="0" minCrapScore="0" visitedClasses="0" numClasses="0" visitedMethods="0" numMethods="0" />
          <FullName>Views.KeyboardView/&lt;&gt;c__DisplayClass4_1</FullName>
          <Methods>
            <Method visited="true" cyclomaticComplexity="0" nPathComplexity="0" sequenceCoverage="100.0" branchCoverage="0" crapScore="0" isConstructor="false" isStatic="false" isGetter="false" isSetter="false">
              <Summary numSequencePoints="0" visitedSequencePoints="0" numBranchPoints="0" visitedBranchPoints="0" sequenceCoverage="100.0" branchCoverage="0" maxCyclomaticComplexity="0" minCyclomaticComplexity="0" maxCrapScore="0" minCrapScore="0" visitedClasses="0" numClasses="0" visitedMethods="0" numMethods="0" />
              <MetadataToken>100663336</MetadataToken>
              <Name>System.Void Views.KeyboardView/&lt;&gt;c__DisplayClass4_1::&lt;SetModel&gt;b__1(System.Boolean)</Name>
              <FileRef uid="3" />
              <SequencePoints>
                <SequencePoint vc="6" uspid="68" ordinal="0" offset="0" sl="30" sc="69" el="30" ec="69" bec="0" bev="0" fileid="3" />
              </SequencePoints>
              <BranchPoints />
            </Method>
            <Method visited="true" cyclomaticComplexity="0" nPathComplexity="0" sequenceCoverage="100.0" branchCoverage="0" crapScore="0" isConstructor="false" isStatic="false" isGetter="false" isSetter="false">
              <Summary numSequencePoints="0" visitedSequencePoints="0" numBranchPoints="0" visitedBranchPoints="0" sequenceCoverage="100.0" branchCoverage="0" maxCyclomaticComplexity="0" minCyclomaticComplexity="0" maxCrapScore="0" minCrapScore="0" visitedClasses="0" numClasses="0" visitedMethods="0" numMethods="0" />
              <MetadataToken>100663337</MetadataToken>
              <Name>System.Void Views.KeyboardView/&lt;&gt;c__DisplayClass4_1::&lt;SetModel&gt;b__2(System.String)</Name>
              <FileRef uid="3" />
              <SequencePoints>
                <SequencePoint vc="6" uspid="69" ordinal="0" offset="0" sl="32" sc="17" el="32" ec="17" bec="0" bev="0" fileid="3" />
                <SequencePoint vc="6" uspid="70" ordinal="0" offset="1" sl="33" sc="21" el="33" ec="21" bec="0" bev="0" fileid="3" />
                <SequencePoint vc="6" uspid="71" ordinal="0" offset="10" sl="34" sc="21" el="34" ec="21" bec="0" bev="0" fileid="3" />
                <SequencePoint vc="6" uspid="72" ordinal="0" offset="28" sl="35" sc="17" el="35" ec="17" bec="0" bev="0" fileid="3" />
              </SequencePoints>
              <BranchPoints />
            </Method>
          </Methods>
        </Class>
        <Class>
          <Summary numSequencePoints="0" visitedSequencePoints="0" numBranchPoints="0" visitedBranchPoints="0" sequenceCoverage="0" branchCoverage="0" maxCyclomaticComplexity="0" minCyclomaticComplexity="0" maxCrapScore="0" minCrapScore="0" visitedClasses="0" numClasses="0" visitedMethods="0" numMethods="0" />
          <FullName>Views.KeyboardView/&lt;&gt;c__DisplayClass4_2</FullName>
          <Methods>
            <Method visited="true" cyclomaticComplexity="0" nPathComplexity="0" sequenceCoverage="100.0" branchCoverage="0" crapScore="0" isConstructor="false" isStatic="false" isGetter="false" isSetter="false">
              <Summary numSequencePoints="0" visitedSequencePoints="0" numBranchPoints="0" visitedBranchPoints="0" sequenceCoverage="100.0" branchCoverage="0" maxCyclomaticComplexity="0" minCyclomaticComplexity="0" maxCrapScore="0" minCrapScore="0" visitedClasses="0" numClasses="0" visitedMethods="0" numMethods="0" />
              <MetadataToken>100663339</MetadataToken>
              <Name>System.Void Views.KeyboardView/&lt;&gt;c__DisplayClass4_2::&lt;SetModel&gt;b__0()</Name>
              <FileRef uid="3" />
              <SequencePoints>
                <SequencePoint vc="2" uspid="73" ordinal="0" offset="0" sl="26" sc="17" el="26" ec="17" bec="0" bev="0" fileid="3" />
                <SequencePoint vc="2" uspid="74" ordinal="0" offset="1" sl="27" sc="21" el="27" ec="21" bec="0" bev="0" fileid="3" />
                <SequencePoint vc="2" uspid="75" ordinal="0" offset="34" sl="28" sc="17" el="28" ec="17" bec="0" bev="0" fileid="3" />
              </SequencePoints>
              <BranchPoints />
            </Method>
          </Methods>
        </Class>
      </Classes>
    </Module>
    <Module>
      <Summary numSequencePoints="0" visitedSequencePoints="0" numBranchPoints="0" visitedBranchPoints="0" sequenceCoverage="0" branchCoverage="0" maxCyclomaticComplexity="0" minCyclomaticComplexity="0" maxCrapScore="0" minCrapScore="0" visitedClasses="0" numClasses="0" visitedMethods="0" numMethods="0" />
      <ModuleTime>0001-01-01T00:00:00</ModuleTime>
      <ModuleName>Hangman.Application</ModuleName>
      <Files>
        <File uid="6" fullPath="D:\Proyectos\Empresa\HangmanGame\Assets\Scripts\Application\Services\Web\RestRestClientAdapter.cs" />
        <File uid="7" fullPath="D:\Proyectos\Empresa\HangmanGame\Assets\Scripts\Application\Services\Web\UriExtension.cs" />
        <File uid="8" fullPath="D:\Proyectos\Empresa\HangmanGame\Assets\Scripts\Application\Services\ServiceLocator\ServiceLocator.cs" />
        <File uid="9" fullPath="D:\Proyectos\Empresa\HangmanGame\Assets\Scripts\Application\Services\Repositories\ConfigurationGameRepository.cs" />
        <File uid="10" fullPath="D:\Proyectos\Empresa\HangmanGame\Assets\Scripts\Application\Services\Repositories\GameRepository.cs" />
        <File uid="11" fullPath="D:\Proyectos\Empresa\HangmanGame\Assets\Scripts\Application\Services\Parsers\JsonUtilityAdapter.cs" />
        <File uid="12" fullPath="D:\Proyectos\Empresa\HangmanGame\Assets\Scripts\Application\Services\Game\GameServerService.cs" />
        <File uid="13" fullPath="D:\Proyectos\Empresa\HangmanGame\Assets\Scripts\Application\Services\EventDispatcher\EventDispatcherService.cs" />
      </Files>
      <Classes>
        <Class>
          <Summary numSequencePoints="0" visitedSequencePoints="0" numBranchPoints="0" visitedBranchPoints="0" sequenceCoverage="0" branchCoverage="0" maxCyclomaticComplexity="0" minCyclomaticComplexity="0" maxCrapScore="0" minCrapScore="0" visitedClasses="0" numClasses="0" visitedMethods="0" numMethods="0" />
          <FullName>Application.Services.Web.RestRestClientAdapter</FullName>
          <Methods>
            <Method visited="false" cyclomaticComplexity="0" nPathComplexity="0" sequenceCoverage="0.0" branchCoverage="0" crapScore="0" isConstructor="true" isStatic="false" isGetter="false" isSetter="false">
              <Summary numSequencePoints="0" visitedSequencePoints="0" numBranchPoints="0" visitedBranchPoints="0" sequenceCoverage="0.0" branchCoverage="0" maxCyclomaticComplexity="0" minCyclomaticComplexity="0" maxCrapScore="0" minCrapScore="0" visitedClasses="0" numClasses="0" visitedMethods="0" numMethods="0" />
              <MetadataToken>100663297</MetadataToken>
              <Name>Application.Services.Web.RestRestClientAdapter::RestRestClientAdapter(Domain.Services.Parsers.IJsonParser)</Name>
              <FileRef uid="6" />
              <SequencePoints>
                <SequencePoint vc="0" uspid="76" ordinal="0" offset="0" sl="15" sc="0" el="15" ec="0" bec="0" bev="0" fileid="6" />
                <SequencePoint vc="0" uspid="77" ordinal="0" offset="7" sl="16" sc="0" el="16" ec="0" bec="0" bev="0" fileid="6" />
                <SequencePoint vc="0" uspid="78" ordinal="0" offset="8" sl="17" sc="0" el="17" ec="0" bec="0" bev="0" fileid="6" />
                <SequencePoint vc="0" uspid="79" ordinal="0" offset="15" sl="18" sc="0" el="18" ec="0" bec="0" bev="0" fileid="6" />
                <SequencePoint vc="0" uspid="80" ordinal="0" offset="26" sl="19" sc="0" el="19" ec="0" bec="0" bev="0" fileid="6" />
              </SequencePoints>
              <BranchPoints />
            </Method>
          </Methods>
        </Class>
        <Class>
          <Summary numSequencePoints="0" visitedSequencePoints="0" numBranchPoints="0" visitedBranchPoints="0" sequenceCoverage="0" branchCoverage="0" maxCyclomaticComplexity="0" minCyclomaticComplexity="0" maxCrapScore="0" minCrapScore="0" visitedClasses="0" numClasses="0" visitedMethods="0" numMethods="0" />
          <FullName>Application.Services.Web.UriExtension</FullName>
          <Methods>
            <Method visited="true" cyclomaticComplexity="0" nPathComplexity="0" sequenceCoverage="100.0" branchCoverage="0" crapScore="0" isConstructor="false" isStatic="true" isGetter="false" isSetter="false">
              <Summary numSequencePoints="0" visitedSequencePoints="0" numBranchPoints="0" visitedBranchPoints="0" sequenceCoverage="100.0" branchCoverage="0" maxCyclomaticComplexity="0" minCyclomaticComplexity="0" maxCrapScore="0" minCrapScore="0" visitedClasses="0" numClasses="0" visitedMethods="0" numMethods="0" />
              <MetadataToken>100663301</MetadataToken>
              <Name>static System.Uri Application.Services.Web.UriExtension::ExtendQuery(System.Uri, System.Object)</Name>
              <FileRef uid="7" />
              <SequencePoints>
                <SequencePoint vc="1" uspid="81" ordinal="0" offset="13" sl="11" sc="68" el="11" ec="68" bec="0" bev="0" fileid="7" />
                <SequencePoint vc="1" uspid="82" ordinal="0" offset="14" sl="12" sc="13" el="12" ec="13" bec="0" bev="0" fileid="7" />
                <SequencePoint vc="1" uspid="83" ordinal="0" offset="87" sl="21" sc="9" el="21" ec="9" bec="0" bev="0" fileid="7" />
              </SequencePoints>
              <BranchPoints />
            </Method>
            <Method visited="true" cyclomaticComplexity="0" nPathComplexity="0" sequenceCoverage="75.0" branchCoverage="0" crapScore="0" isConstructor="false" isStatic="true" isGetter="false" isSetter="false">
              <Summary numSequencePoints="0" visitedSequencePoints="0" numBranchPoints="0" visitedBranchPoints="0" sequenceCoverage="75.0" branchCoverage="0" maxCyclomaticComplexity="0" minCyclomaticComplexity="0" maxCrapScore="0" minCrapScore="0" visitedClasses="0" numClasses="0" visitedMethods="0" numMethods="0" />
              <MetadataToken>100663302</MetadataToken>
              <Name>static System.Uri Application.Services.Web.UriExtension::ExtendQuery(System.Uri, System.Collections.Generic.IDictionary[String,String])</Name>
              <FileRef uid="7" />
              <SequencePoints>
                <SequencePoint vc="1" uspid="84" ordinal="0" offset="0" sl="23" sc="89" el="23" ec="89" bec="0" bev="0" fileid="7" />
                <SequencePoint vc="1" uspid="85" ordinal="0" offset="1" sl="24" sc="13" el="24" ec="13" bec="0" bev="0" fileid="7" />
                <SequencePoint vc="1" uspid="86" ordinal="0" offset="8" sl="25" sc="13" el="25" ec="13" bec="0" bev="0" fileid="7" />
                <SequencePoint vc="1" uspid="87" ordinal="0" offset="14" sl="26" sc="13" el="26" ec="13" bec="0" bev="0" fileid="7" />
                <SequencePoint vc="0" uspid="88" ordinal="0" offset="31" sl="26" sc="40" el="26" ec="40" bec="0" bev="0" fileid="7" />
                <SequencePoint vc="0" uspid="89" ordinal="0" offset="32" sl="27" sc="17" el="27" ec="17" bec="0" bev="0" fileid="7" />
                <SequencePoint vc="0" uspid="90" ordinal="0" offset="51" sl="28" sc="17" el="28" ec="17" bec="0" bev="0" fileid="7" />
                <SequencePoint vc="0" uspid="91" ordinal="0" offset="56" sl="29" sc="17" el="29" ec="17" bec="0" bev="0" fileid="7" />
                <SequencePoint vc="0" uspid="92" ordinal="0" offset="75" sl="30" sc="13" el="30" ec="13" bec="0" bev="0" fileid="7" />
                <SequencePoint vc="1" uspid="93" ordinal="0" offset="76" sl="32" sc="13" el="32" ec="13" bec="0" bev="0" fileid="7" />
                <SequencePoint vc="1" uspid="94" ordinal="0" offset="83" sl="33" sc="13" el="33" ec="13" bec="0" bev="0" fileid="7" />
                <SequencePoint vc="1" uspid="95" ordinal="0" offset="84" sl="33" sc="33" el="33" ec="33" bec="0" bev="0" fileid="7" />
                <SequencePoint vc="2" uspid="96" ordinal="0" offset="103" sl="33" sc="22" el="33" ec="22" bec="0" bev="0" fileid="7" />
                <SequencePoint vc="2" uspid="97" ordinal="0" offset="112" sl="33" sc="77" el="33" ec="77" bec="0" bev="0" fileid="7" />
                <SequencePoint vc="2" uspid="98" ordinal="0" offset="113" sl="34" sc="17" el="34" ec="17" bec="0" bev="0" fileid="7" />
                <SequencePoint vc="2" uspid="99" ordinal="0" offset="134" sl="35" sc="13" el="35" ec="13" bec="0" bev="0" fileid="7" />
                <SequencePoint vc="3" uspid="100" ordinal="0" offset="135" sl="33" sc="30" el="33" ec="30" bec="0" bev="0" fileid="7" />
                <SequencePoint vc="1" uspid="101" ordinal="0" offset="159" sl="36" sc="13" el="36" ec="13" bec="0" bev="0" fileid="7" />
                <SequencePoint vc="1" uspid="102" ordinal="0" offset="172" sl="37" sc="13" el="37" ec="13" bec="0" bev="0" fileid="7" />
                <SequencePoint vc="1" uspid="103" ordinal="0" offset="211" sl="40" sc="9" el="40" ec="9" bec="0" bev="0" fileid="7" />
              </SequencePoints>
              <BranchPoints />
            </Method>
          </Methods>
        </Class>
        <Class>
          <Summary numSequencePoints="0" visitedSequencePoints="0" numBranchPoints="0" visitedBranchPoints="0" sequenceCoverage="0" branchCoverage="0" maxCyclomaticComplexity="0" minCyclomaticComplexity="0" maxCrapScore="0" minCrapScore="0" visitedClasses="0" numClasses="0" visitedMethods="0" numMethods="0" />
          <FullName>Application.Services.ServiceLocator.ServiceLocator</FullName>
          <Methods>
            <Method visited="false" cyclomaticComplexity="0" nPathComplexity="0" sequenceCoverage="0.0" branchCoverage="0" crapScore="0" isConstructor="false" isStatic="false" isGetter="false" isSetter="false">
              <Summary numSequencePoints="0" visitedSequencePoints="0" numBranchPoints="0" visitedBranchPoints="0" sequenceCoverage="0.0" branchCoverage="0" maxCyclomaticComplexity="0" minCyclomaticComplexity="0" maxCrapScore="0" minCrapScore="0" visitedClasses="0" numClasses="0" visitedMethods="0" numMethods="0" />
              <MetadataToken>100663304</MetadataToken>
              <Name>T Application.Services.ServiceLocator.ServiceLocator::Get[T]()</Name>
              <FileRef uid="8" />
              <SequencePoints>
                <SequencePoint vc="2" uspid="104" ordinal="0" offset="0" sl="17" sc="0" el="17" ec="0" bec="0" bev="0" fileid="8" />
                <SequencePoint vc="2" uspid="105" ordinal="0" offset="1" sl="18" sc="0" el="18" ec="0" bec="0" bev="0" fileid="8" />
                <SequencePoint vc="2" uspid="106" ordinal="0" offset="12" sl="21" sc="0" el="21" ec="0" bec="0" bev="0" fileid="8" />
                <SequencePoint vc="2" uspid="107" ordinal="0" offset="13" sl="22" sc="0" el="22" ec="0" bec="0" bev="0" fileid="8" />
                <SequencePoint vc="1" uspid="108" ordinal="0" offset="31" sl="23" sc="0" el="23" ec="0" bec="0" bev="0" fileid="8" />
                <SequencePoint vc="1" uspid="109" ordinal="0" offset="34" sl="24" sc="0" el="24" ec="0" bec="0" bev="0" fileid="8" />
                <SequencePoint vc="1" uspid="110" ordinal="0" offset="35" sl="25" sc="0" el="25" ec="0" bec="0" bev="0" fileid="8" />
                <SequencePoint vc="1" uspid="111" ordinal="0" offset="36" sl="27" sc="0" el="27" ec="0" bec="0" bev="0" fileid="8" />
                <SequencePoint vc="1" uspid="112" ordinal="0" offset="38" sl="30" sc="0" el="30" ec="0" bec="0" bev="0" fileid="8" />
                <SequencePoint vc="1" uspid="113" ordinal="0" offset="42" sl="31" sc="0" el="31" ec="0" bec="0" bev="0" fileid="8" />
              </SequencePoints>
              <BranchPoints />
            </Method>
            <Method visited="false" cyclomaticComplexity="0" nPathComplexity="0" sequenceCoverage="0.0" branchCoverage="0" crapScore="0" isConstructor="false" isStatic="false" isGetter="false" isSetter="false">
              <Summary numSequencePoints="0" visitedSequencePoints="0" numBranchPoints="0" visitedBranchPoints="0" sequenceCoverage="0.0" branchCoverage="0" maxCyclomaticComplexity="0" minCyclomaticComplexity="0" maxCrapScore="0" minCrapScore="0" visitedClasses="0" numClasses="0" visitedMethods="0" numMethods="0" />
              <MetadataToken>100663305</MetadataToken>
              <Name>System.Void Application.Services.ServiceLocator.ServiceLocator::Register[T](T)</Name>
              <FileRef uid="8" />
              <SequencePoints>
                <SequencePoint vc="3" uspid="114" ordinal="0" offset="0" sl="34" sc="0" el="34" ec="0" bec="0" bev="0" fileid="8" />
                <SequencePoint vc="3" uspid="115" ordinal="0" offset="1" sl="35" sc="0" el="35" ec="0" bec="0" bev="0" fileid="8" />
                <SequencePoint vc="3" uspid="116" ordinal="0" offset="12" sl="37" sc="0" el="37" ec="0" bec="0" bev="0" fileid="8" />
                <SequencePoint vc="3" uspid="117" ordinal="0" offset="13" sl="38" sc="0" el="38" ec="0" bec="0" bev="0" fileid="8" />
                <SequencePoint vc="2" uspid="118" ordinal="0" offset="32" sl="39" sc="0" el="39" ec="0" bec="0" bev="0" fileid="8" />
                <SequencePoint vc="1" uspid="119" ordinal="0" offset="35" sl="40" sc="0" el="40" ec="0" bec="0" bev="0" fileid="8" />
                <SequencePoint vc="1" uspid="120" ordinal="0" offset="36" sl="41" sc="0" el="41" ec="0" bec="0" bev="0" fileid="8" />
                <SequencePoint vc="1" uspid="121" ordinal="0" offset="37" sl="43" sc="0" el="43" ec="0" bec="0" bev="0" fileid="8" />
                <SequencePoint vc="2" uspid="122" ordinal="0" offset="39" sl="45" sc="0" el="45" ec="0" bec="0" bev="0" fileid="8" />
              </SequencePoints>
              <BranchPoints />
            </Method>
            <Method visited="true" cyclomaticComplexity="0" nPathComplexity="0" sequenceCoverage="100.0" branchCoverage="0" crapScore="0" isConstructor="true" isStatic="false" isGetter="false" isSetter="false">
              <Summary numSequencePoints="0" visitedSequencePoints="0" numBranchPoints="0" visitedBranchPoints="0" sequenceCoverage="100.0" branchCoverage="0" maxCyclomaticComplexity="0" minCyclomaticComplexity="0" maxCrapScore="0" minCrapScore="0" visitedClasses="0" numClasses="0" visitedMethods="0" numMethods="0" />
              <MetadataToken>100663303</MetadataToken>
              <Name>Application.Services.ServiceLocator.ServiceLocator::ServiceLocator()</Name>
              <FileRef uid="8" />
              <SequencePoints>
                <SequencePoint vc="3" uspid="123" ordinal="0" offset="0" sl="11" sc="9" el="11" ec="9" bec="0" bev="0" fileid="8" />
                <SequencePoint vc="3" uspid="124" ordinal="0" offset="7" sl="12" sc="9" el="12" ec="9" bec="0" bev="0" fileid="8" />
                <SequencePoint vc="3" uspid="125" ordinal="0" offset="8" sl="13" sc="13" el="13" ec="13" bec="0" bev="0" fileid="8" />
                <SequencePoint vc="3" uspid="126" ordinal="0" offset="19" sl="14" sc="9" el="14" ec="9" bec="0" bev="0" fileid="8" />
              </SequencePoints>
              <BranchPoints />
            </Method>
          </Methods>
        </Class>
        <Class>
          <Summary numSequencePoints="0" visitedSequencePoints="0" numBranchPoints="0" visitedBranchPoints="0" sequenceCoverage="0" branchCoverage="0" maxCyclomaticComplexity="0" minCyclomaticComplexity="0" maxCrapScore="0" minCrapScore="0" visitedClasses="0" numClasses="0" visitedMethods="0" numMethods="0" />
          <FullName>Application.Services.Repositories.ConfigurationGameRepository</FullName>
          <Methods>
            <Method visited="false" cyclomaticComplexity="0" nPathComplexity="0" sequenceCoverage="0.0" branchCoverage="0" crapScore="0" isConstructor="false" isStatic="false" isGetter="true" isSetter="false">
              <Summary numSequencePoints="0" visitedSequencePoints="0" numBranchPoints="0" visitedBranchPoints="0" sequenceCoverage="0.0" branchCoverage="0" maxCyclomaticComplexity="0" minCyclomaticComplexity="0" maxCrapScore="0" minCrapScore="0" visitedClasses="0" numClasses="0" visitedMethods="0" numMethods="0" />
              <MetadataToken>100663306</MetadataToken>
              <Name>System.Int32 Application.Services.Repositories.ConfigurationGameRepository::get_StartLives()</Name>
              <FileRef uid="9" />
              <SequencePoints>
                <SequencePoint vc="0" uspid="127" ordinal="0" offset="0" sl="8" sc="0" el="8" ec="0" bec="0" bev="0" fileid="9" />
              </SequencePoints>
              <BranchPoints />
            </Method>
          </Methods>
        </Class>
        <Class>
          <Summary numSequencePoints="0" visitedSequencePoints="0" numBranchPoints="0" visitedBranchPoints="0" sequenceCoverage="0" branchCoverage="0" maxCyclomaticComplexity="0" minCyclomaticComplexity="0" maxCrapScore="0" minCrapScore="0" visitedClasses="0" numClasses="0" visitedMethods="0" numMethods="0" />
          <FullName>Application.Services.Repositories.GameRepository</FullName>
          <Methods>
            <Method visited="false" cyclomaticComplexity="0" nPathComplexity="0" sequenceCoverage="0.0" branchCoverage="0" crapScore="0" isConstructor="false" isStatic="false" isGetter="true" isSetter="false">
              <Summary numSequencePoints="0" visitedSequencePoints="0" numBranchPoints="0" visitedBranchPoints="0" sequenceCoverage="0.0" branchCoverage="0" maxCyclomaticComplexity="0" minCyclomaticComplexity="0" maxCrapScore="0" minCrapScore="0" visitedClasses="0" numClasses="0" visitedMethods="0" numMethods="0" />
              <MetadataToken>100663308</MetadataToken>
              <Name>Domain.Model.Game.Token Application.Services.Repositories.GameRepository::get_GameToken()</Name>
              <FileRef uid="10" />
              <SequencePoints>
                <SequencePoint vc="0" uspid="128" ordinal="0" offset="0" sl="8" sc="0" el="8" ec="0" bec="0" bev="0" fileid="10" />
              </SequencePoints>
              <BranchPoints />
            </Method>
            <Method visited="false" cyclomaticComplexity="0" nPathComplexity="0" sequenceCoverage="0.0" branchCoverage="0" crapScore="0" isConstructor="false" isStatic="false" isGetter="false" isSetter="true">
              <Summary numSequencePoints="0" visitedSequencePoints="0" numBranchPoints="0" visitedBranchPoints="0" sequenceCoverage="0.0" branchCoverage="0" maxCyclomaticComplexity="0" minCyclomaticComplexity="0" maxCrapScore="0" minCrapScore="0" visitedClasses="0" numClasses="0" visitedMethods="0" numMethods="0" />
              <MetadataToken>100663309</MetadataToken>
              <Name>System.Void Application.Services.Repositories.GameRepository::set_GameToken(Domain.Model.Game.Token)</Name>
              <FileRef uid="10" />
              <SequencePoints>
                <SequencePoint vc="0" uspid="129" ordinal="0" offset="0" sl="8" sc="0" el="8" ec="0" bec="0" bev="0" fileid="10" />
              </SequencePoints>
              <BranchPoints />
            </Method>
            <Method visited="false" cyclomaticComplexity="0" nPathComplexity="0" sequenceCoverage="0.0" branchCoverage="0" crapScore="0" isConstructor="false" isStatic="false" isGetter="true" isSetter="false">
              <Summary numSequencePoints="0" visitedSequencePoints="0" numBranchPoints="0" visitedBranchPoints="0" sequenceCoverage="0.0" branchCoverage="0" maxCyclomaticComplexity="0" minCyclomaticComplexity="0" maxCrapScore="0" minCrapScore="0" visitedClasses="0" numClasses="0" visitedMethods="0" numMethods="0" />
              <MetadataToken>100663310</MetadataToken>
              <Name>Domain.Model.Game.Word Application.Services.Repositories.GameRepository::get_Word()</Name>
              <FileRef uid="10" />
              <SequencePoints>
                <SequencePoint vc="0" uspid="130" ordinal="0" offset="0" sl="9" sc="0" el="9" ec="0" bec="0" bev="0" fileid="10" />
              </SequencePoints>
              <BranchPoints />
            </Method>
            <Method visited="false" cyclomaticComplexity="0" nPathComplexity="0" sequenceCoverage="0.0" branchCoverage="0" crapScore="0" isConstructor="false" isStatic="false" isGetter="false" isSetter="true">
              <Summary numSequencePoints="0" visitedSequencePoints="0" numBranchPoints="0" visitedBranchPoints="0" sequenceCoverage="0.0" branchCoverage="0" maxCyclomaticComplexity="0" minCyclomaticComplexity="0" maxCrapScore="0" minCrapScore="0" visitedClasses="0" numClasses="0" visitedMethods="0" numMethods="0" />
              <MetadataToken>100663311</MetadataToken>
              <Name>System.Void Application.Services.Repositories.GameRepository::set_Word(Domain.Model.Game.Word)</Name>
              <FileRef uid="10" />
              <SequencePoints>
                <SequencePoint vc="0" uspid="131" ordinal="0" offset="0" sl="9" sc="0" el="9" ec="0" bec="0" bev="0" fileid="10" />
              </SequencePoints>
              <BranchPoints />
            </Method>
            <Method visited="false" cyclomaticComplexity="0" nPathComplexity="0" sequenceCoverage="0.0" branchCoverage="0" crapScore="0" isConstructor="false" isStatic="false" isGetter="true" isSetter="false">
              <Summary numSequencePoints="0" visitedSequencePoints="0" numBranchPoints="0" visitedBranchPoints="0" sequenceCoverage="0.0" branchCoverage="0" maxCyclomaticComplexity="0" minCyclomaticComplexity="0" maxCrapScore="0" minCrapScore="0" visitedClasses="0" numClasses="0" visitedMethods="0" numMethods="0" />
              <MetadataToken>100663312</MetadataToken>
              <Name>System.Int32 Application.Services.Repositories.GameRepository::get_RemainingLives()</Name>
              <FileRef uid="10" />
              <SequencePoints>
                <SequencePoint vc="0" uspid="132" ordinal="0" offset="0" sl="10" sc="0" el="10" ec="0" bec="0" bev="0" fileid="10" />
              </SequencePoints>
              <BranchPoints />
            </Method>
            <Method visited="false" cyclomaticComplexity="0" nPathComplexity="0" sequenceCoverage="0.0" branchCoverage="0" crapScore="0" isConstructor="false" isStatic="false" isGetter="false" isSetter="true">
              <Summary numSequencePoints="0" visitedSequencePoints="0" numBranchPoints="0" visitedBranchPoints="0" sequenceCoverage="0.0" branchCoverage="0" maxCyclomaticComplexity="0" minCyclomaticComplexity="0" maxCrapScore="0" minCrapScore="0" visitedClasses="0" numClasses="0" visitedMethods="0" numMethods="0" />
              <MetadataToken>100663313</MetadataToken>
              <Name>System.Void Application.Services.Repositories.GameRepository::set_RemainingLives(System.Int32)</Name>
              <FileRef uid="10" />
              <SequencePoints>
                <SequencePoint vc="0" uspid="133" ordinal="0" offset="0" sl="10" sc="0" el="10" ec="0" bec="0" bev="0" fileid="10" />
              </SequencePoints>
              <BranchPoints />
            </Method>
            <Method visited="false" cyclomaticComplexity="0" nPathComplexity="0" sequenceCoverage="0.0" branchCoverage="0" crapScore="0" isConstructor="false" isStatic="false" isGetter="true" isSetter="false">
              <Summary numSequencePoints="0" visitedSequencePoints="0" numBranchPoints="0" visitedBranchPoints="0" sequenceCoverage="0.0" branchCoverage="0" maxCyclomaticComplexity="0" minCyclomaticComplexity="0" maxCrapScore="0" minCrapScore="0" visitedClasses="0" numClasses="0" visitedMethods="0" numMethods="0" />
              <MetadataToken>100663314</MetadataToken>
              <Name>Domain.Model.Game.Guess Application.Services.Repositories.GameRepository::get_LastGuess()</Name>
              <FileRef uid="10" />
              <SequencePoints>
                <SequencePoint vc="0" uspid="134" ordinal="0" offset="0" sl="11" sc="0" el="11" ec="0" bec="0" bev="0" fileid="10" />
              </SequencePoints>
              <BranchPoints />
            </Method>
            <Method visited="false" cyclomaticComplexity="0" nPathComplexity="0" sequenceCoverage="0.0" branchCoverage="0" crapScore="0" isConstructor="false" isStatic="false" isGetter="false" isSetter="true">
              <Summary numSequencePoints="0" visitedSequencePoints="0" numBranchPoints="0" visitedBranchPoints="0" sequenceCoverage="0.0" branchCoverage="0" maxCyclomaticComplexity="0" minCyclomaticComplexity="0" maxCrapScore="0" minCrapScore="0" visitedClasses="0" numClasses="0" visitedMethods="0" numMethods="0" />
              <MetadataToken>100663315</MetadataToken>
              <Name>System.Void Application.Services.Repositories.GameRepository::set_LastGuess(Domain.Model.Game.Guess)</Name>
              <FileRef uid="10" />
              <SequencePoints>
                <SequencePoint vc="0" uspid="135" ordinal="0" offset="0" sl="11" sc="0" el="11" ec="0" bec="0" bev="0" fileid="10" />
              </SequencePoints>
              <BranchPoints />
            </Method>
          </Methods>
        </Class>
        <Class>
          <Summary numSequencePoints="0" visitedSequencePoints="0" numBranchPoints="0" visitedBranchPoints="0" sequenceCoverage="0" branchCoverage="0" maxCyclomaticComplexity="0" minCyclomaticComplexity="0" maxCrapScore="0" minCrapScore="0" visitedClasses="0" numClasses="0" visitedMethods="0" numMethods="0" />
          <FullName>Application.Services.Parsers.JsonUtilityAdapter</FullName>
          <Methods>
            <Method visited="false" cyclomaticComplexity="0" nPathComplexity="0" sequenceCoverage="0.0" branchCoverage="0" crapScore="0" isConstructor="false" isStatic="false" isGetter="false" isSetter="false">
              <Summary numSequencePoints="0" visitedSequencePoints="0" numBranchPoints="0" visitedBranchPoints="0" sequenceCoverage="0.0" branchCoverage="0" maxCyclomaticComplexity="0" minCyclomaticComplexity="0" maxCrapScore="0" minCrapScore="0" visitedClasses="0" numClasses="0" visitedMethods="0" numMethods="0" />
              <MetadataToken>100663317</MetadataToken>
              <Name>System.String Application.Services.Parsers.JsonUtilityAdapter::ToJson[T](T)</Name>
              <FileRef uid="11" />
              <SequencePoints>
                <SequencePoint vc="0" uspid="136" ordinal="0" offset="0" sl="9" sc="0" el="9" ec="0" bec="0" bev="0" fileid="11" />
                <SequencePoint vc="0" uspid="137" ordinal="0" offset="1" sl="10" sc="0" el="10" ec="0" bec="0" bev="0" fileid="11" />
                <SequencePoint vc="0" uspid="138" ordinal="0" offset="15" sl="11" sc="0" el="11" ec="0" bec="0" bev="0" fileid="11" />
              </SequencePoints>
              <BranchPoints />
            </Method>
            <Method visited="false" cyclomaticComplexity="0" nPathComplexity="0" sequenceCoverage="0.0" branchCoverage="0" crapScore="0" isConstructor="false" isStatic="false" isGetter="false" isSetter="false">
              <Summary numSequencePoints="0" visitedSequencePoints="0" numBranchPoints="0" visitedBranchPoints="0" sequenceCoverage="0.0" branchCoverage="0" maxCyclomaticComplexity="0" minCyclomaticComplexity="0" maxCrapScore="0" minCrapScore="0" visitedClasses="0" numClasses="0" visitedMethods="0" numMethods="0" />
              <MetadataToken>100663318</MetadataToken>
              <Name>T Application.Services.Parsers.JsonUtilityAdapter::FromJson[T](System.String)</Name>
              <FileRef uid="11" />
              <SequencePoints>
                <SequencePoint vc="0" uspid="139" ordinal="0" offset="0" sl="14" sc="0" el="14" ec="0" bec="0" bev="0" fileid="11" />
                <SequencePoint vc="0" uspid="140" ordinal="0" offset="1" sl="15" sc="0" el="15" ec="0" bec="0" bev="0" fileid="11" />
                <SequencePoint vc="0" uspid="141" ordinal="0" offset="10" sl="16" sc="0" el="16" ec="0" bec="0" bev="0" fileid="11" />
              </SequencePoints>
              <BranchPoints />
            </Method>
          </Methods>
        </Class>
        <Class>
          <Summary numSequencePoints="0" visitedSequencePoints="0" numBranchPoints="0" visitedBranchPoints="0" sequenceCoverage="0" branchCoverage="0" maxCyclomaticComplexity="0" minCyclomaticComplexity="0" maxCrapScore="0" minCrapScore="0" visitedClasses="0" numClasses="0" visitedMethods="0" numMethods="0" />
          <FullName>Application.Services.Game.GameServerService</FullName>
          <Methods>
            <Method visited="true" cyclomaticComplexity="0" nPathComplexity="0" sequenceCoverage="100.0" branchCoverage="0" crapScore="0" isConstructor="true" isStatic="false" isGetter="false" isSetter="false">
              <Summary numSequencePoints="0" visitedSequencePoints="0" numBranchPoints="0" visitedBranchPoints="0" sequenceCoverage="100.0" branchCoverage="0" maxCyclomaticComplexity="0" minCyclomaticComplexity="0" maxCrapScore="0" minCrapScore="0" visitedClasses="0" numClasses="0" visitedMethods="0" numMethods="0" />
              <MetadataToken>100663320</MetadataToken>
              <Name>Application.Services.Game.GameServerService::GameServerService(Domain.Services.Web.IRestClient, Domain.Repositories.IGameRepository)</Name>
              <FileRef uid="12" />
              <SequencePoints>
                <SequencePoint vc="3" uspid="142" ordinal="0" offset="0" sl="16" sc="9" el="16" ec="9" bec="0" bev="0" fileid="12" />
                <SequencePoint vc="3" uspid="143" ordinal="0" offset="7" sl="17" sc="9" el="17" ec="9" bec="0" bev="0" fileid="12" />
                <SequencePoint vc="3" uspid="144" ordinal="0" offset="8" sl="18" sc="13" el="18" ec="13" bec="0" bev="0" fileid="12" />
                <SequencePoint vc="3" uspid="145" ordinal="0" offset="15" sl="19" sc="13" el="19" ec="13" bec="0" bev="0" fileid="12" />
                <SequencePoint vc="3" uspid="146" ordinal="0" offset="22" sl="20" sc="9" el="20" ec="9" bec="0" bev="0" fileid="12" />
              </SequencePoints>
              <BranchPoints />
            </Method>
          </Methods>
        </Class>
        <Class>
          <Summary numSequencePoints="0" visitedSequencePoints="0" numBranchPoints="0" visitedBranchPoints="0" sequenceCoverage="0" branchCoverage="0" maxCyclomaticComplexity="0" minCyclomaticComplexity="0" maxCrapScore="0" minCrapScore="0" visitedClasses="0" numClasses="0" visitedMethods="0" numMethods="0" />
          <FullName>Application.Services.EventDispatcher.EventDispatcherService</FullName>
          <Methods>
            <Method visited="false" cyclomaticComplexity="0" nPathComplexity="0" sequenceCoverage="0.0" branchCoverage="0" crapScore="0" isConstructor="false" isStatic="false" isGetter="false" isSetter="false">
              <Summary numSequencePoints="0" visitedSequencePoints="0" numBranchPoints="0" visitedBranchPoints="0" sequenceCoverage="0.0" branchCoverage="0" maxCyclomaticComplexity="0" minCyclomaticComplexity="0" maxCrapScore="0" minCrapScore="0" visitedClasses="0" numClasses="0" visitedMethods="0" numMethods="0" />
              <MetadataToken>100663325</MetadataToken>
              <Name>System.Void Application.Services.EventDispatcher.EventDispatcherService::Subscribe[T](Domain.Services.EventDispatcher.SignalDelegate)</Name>
              <FileRef uid="13" />
              <SequencePoints>
                <SequencePoint vc="7" uspid="147" ordinal="0" offset="0" sl="17" sc="0" el="17" ec="0" bec="0" bev="0" fileid="13" />
                <SequencePoint vc="7" uspid="148" ordinal="0" offset="1" sl="18" sc="0" el="18" ec="0" bec="0" bev="0" fileid="13" />
                <SequencePoint vc="7" uspid="149" ordinal="0" offset="12" sl="19" sc="0" el="19" ec="0" bec="0" bev="0" fileid="13" />
                <SequencePoint vc="5" uspid="150" ordinal="0" offset="31" sl="20" sc="0" el="20" ec="0" bec="0" bev="0" fileid="13" />
                <SequencePoint vc="5" uspid="151" ordinal="0" offset="32" sl="21" sc="0" el="21" ec="0" bec="0" bev="0" fileid="13" />
                <SequencePoint vc="5" uspid="152" ordinal="0" offset="46" sl="22" sc="0" el="22" ec="0" bec="0" bev="0" fileid="13" />
                <SequencePoint vc="7" uspid="153" ordinal="0" offset="47" sl="24" sc="0" el="24" ec="0" bec="0" bev="0" fileid="13" />
                <SequencePoint vc="7" uspid="154" ordinal="0" offset="82" sl="25" sc="0" el="25" ec="0" bec="0" bev="0" fileid="13" />
              </SequencePoints>
              <BranchPoints />
            </Method>
            <Method visited="false" cyclomaticComplexity="0" nPathComplexity="0" sequenceCoverage="0.0" branchCoverage="0" crapScore="0" isConstructor="false" isStatic="false" isGetter="false" isSetter="false">
              <Summary numSequencePoints="0" visitedSequencePoints="0" numBranchPoints="0" visitedBranchPoints="0" sequenceCoverage="0.0" branchCoverage="0" maxCyclomaticComplexity="0" minCyclomaticComplexity="0" maxCrapScore="0" minCrapScore="0" visitedClasses="0" numClasses="0" visitedMethods="0" numMethods="0" />
              <MetadataToken>100663326</MetadataToken>
              <Name>System.Void Application.Services.EventDispatcher.EventDispatcherService::Unsubscribe[T](Domain.Services.EventDispatcher.SignalDelegate)</Name>
              <FileRef uid="13" />
              <SequencePoints>
                <SequencePoint vc="1" uspid="155" ordinal="0" offset="0" sl="28" sc="0" el="28" ec="0" bec="0" bev="0" fileid="13" />
                <SequencePoint vc="1" uspid="156" ordinal="0" offset="1" sl="29" sc="0" el="29" ec="0" bec="0" bev="0" fileid="13" />
                <SequencePoint vc="1" uspid="157" ordinal="0" offset="12" sl="30" sc="0" el="30" ec="0" bec="0" bev="0" fileid="13" />
                <SequencePoint vc="1" uspid="158" ordinal="0" offset="28" sl="31" sc="0" el="31" ec="0" bec="0" bev="0" fileid="13" />
                <SequencePoint vc="1" uspid="159" ordinal="0" offset="29" sl="32" sc="0" el="32" ec="0" bec="0" bev="0" fileid="13" />
                <SequencePoint vc="1" uspid="160" ordinal="0" offset="64" sl="33" sc="0" el="33" ec="0" bec="0" bev="0" fileid="13" />
                <SequencePoint vc="1" uspid="161" ordinal="0" offset="65" sl="34" sc="0" el="34" ec="0" bec="0" bev="0" fileid="13" />
              </SequencePoints>
              <BranchPoints />
            </Method>
            <Method visited="false" cyclomaticComplexity="0" nPathComplexity="0" sequenceCoverage="0.0" branchCoverage="0" crapScore="0" isConstructor="false" isStatic="false" isGetter="false" isSetter="false">
              <Summary numSequencePoints="0" visitedSequencePoints="0" numBranchPoints="0" visitedBranchPoints="0" sequenceCoverage="0.0" branchCoverage="0" maxCyclomaticComplexity="0" minCyclomaticComplexity="0" maxCrapScore="0" minCrapScore="0" visitedClasses="0" numClasses="0" visitedMethods="0" numMethods="0" />
              <MetadataToken>100663327</MetadataToken>
              <Name>System.Void Application.Services.EventDispatcher.EventDispatcherService::Dispatch[T](T)</Name>
              <FileRef uid="13" />
              <SequencePoints>
                <SequencePoint vc="4" uspid="162" ordinal="0" offset="0" sl="37" sc="0" el="37" ec="0" bec="0" bev="0" fileid="13" />
                <SequencePoint vc="4" uspid="163" ordinal="0" offset="1" sl="38" sc="0" el="38" ec="0" bec="0" bev="0" fileid="13" />
                <SequencePoint vc="4" uspid="164" ordinal="0" offset="12" sl="39" sc="0" el="39" ec="0" bec="0" bev="0" fileid="13" />
                <SequencePoint vc="4" uspid="165" ordinal="0" offset="28" sl="40" sc="0" el="40" ec="0" bec="0" bev="0" fileid="13" />
                <SequencePoint vc="4" uspid="166" ordinal="0" offset="29" sl="41" sc="0" el="41" ec="0" bec="0" bev="0" fileid="13" />
                <SequencePoint vc="4" uspid="167" ordinal="0" offset="53" sl="42" sc="0" el="42" ec="0" bec="0" bev="0" fileid="13" />
                <SequencePoint vc="4" uspid="168" ordinal="0" offset="54" sl="43" sc="0" el="43" ec="0" bec="0" bev="0" fileid="13" />
              </SequencePoints>
              <BranchPoints />
            </Method>
            <Method visited="true" cyclomaticComplexity="0" nPathComplexity="0" sequenceCoverage="100.0" branchCoverage="0" crapScore="0" isConstructor="true" isStatic="false" isGetter="false" isSetter="false">
              <Summary numSequencePoints="0" visitedSequencePoints="0" numBranchPoints="0" visitedBranchPoints="0" sequenceCoverage="100.0" branchCoverage="0" maxCyclomaticComplexity="0" minCyclomaticComplexity="0" maxCrapScore="0" minCrapScore="0" visitedClasses="0" numClasses="0" visitedMethods="0" numMethods="0" />
              <MetadataToken>100663324</MetadataToken>
[...]
              <Summary numSequencePoints="0" visitedSequencePoints="0" numBranchPoints="0" visitedBranchPoints="0" sequenceCoverage="100.0" branchCoverage="0" maxCyclomaticComplexity="0" minCyclomaticComplexity="0" maxCrapScore="0" minCrapScore="0" visitedClasses="0" numClasses="0" visitedMethods="0" numMethods="0" />
              <MetadataToken>100663356</MetadataToken>
              <Name>static Domain.Configuration.EndPoints::EndPoints()</Name>
              <FileRef uid="33" />
              <SequencePoints>
                <SequencePoint vc="1" uspid="466" ordinal="0" offset="0" sl="5" sc="9" el="5" ec="9" bec="0" bev="0" fileid="33" />
                <SequencePoint vc="1" uspid="467" ordinal="0" offset="10" sl="6" sc="9" el="6" ec="9" bec="0" bev="0" fileid="33" />
                <SequencePoint vc="1" uspid="468" ordinal="0" offset="20" sl="7" sc="9" el="7" ec="9" bec="0" bev="0" fileid="33" />
              </SequencePoints>
              <BranchPoints />
            </Method>
          </Methods>
        </Class>
        <Class>
          <Summary numSequencePoints="0" visitedSequencePoints="0" numBranchPoints="0" visitedBranchPoints="0" sequenceCoverage="0" branchCoverage="0" maxCyclomaticComplexity="0" minCyclomaticComplexity="0" maxCrapScore="0" minCrapScore="0" visitedClasses="0" numClasses="0" visitedMethods="0" numMethods="0" />
          <FullName>Domain.UseCases.StartGame.StartGameUseCase/&lt;Start&gt;d__5</FullName>
          <Methods>
            <Method visited="true" cyclomaticComplexity="0" nPathComplexity="0" sequenceCoverage="81.8" branchCoverage="0" crapScore="0" isConstructor="false" isStatic="false" isGetter="false" isSetter="false">
              <Summary numSequencePoints="0" visitedSequencePoints="0" numBranchPoints="0" visitedBranchPoints="0" sequenceCoverage="81.8" branchCoverage="0" maxCyclomaticComplexity="0" minCyclomaticComplexity="0" maxCrapScore="0" minCrapScore="0" visitedClasses="0" numClasses="0" visitedMethods="0" numMethods="0" />
              <MetadataToken>100663358</MetadataToken>
              <Name>System.Void Domain.UseCases.StartGame.StartGameUseCase/&lt;Start&gt;d__5::MoveNext()</Name>
              <FileRef uid="24" />
              <SequencePoints>
                <SequencePoint vc="5" uspid="469" ordinal="0" offset="14" sl="31" sc="9" el="31" ec="9" bec="0" bev="0" fileid="24" />
                <SequencePoint vc="5" uspid="470" ordinal="0" offset="15" sl="32" sc="13" el="32" ec="13" bec="0" bev="0" fileid="24" />
                <SequencePoint vc="5" uspid="471" ordinal="0" offset="38" sl="33" sc="13" el="33" ec="13" bec="0" bev="0" fileid="24" />
                <SequencePoint vc="0" uspid="472" ordinal="0" offset="78" sl="33" sc="13" el="33" ec="13" bec="0" bev="0" fileid="24" />
                <SequencePoint vc="0" uspid="473" ordinal="0" offset="108" sl="33" sc="13" el="33" ec="13" bec="0" bev="0" fileid="24" />
                <SequencePoint vc="5" uspid="474" ordinal="0" offset="237" sl="34" sc="13" el="34" ec="13" bec="0" bev="0" fileid="24" />
                <SequencePoint vc="5" uspid="475" ordinal="0" offset="270" sl="35" sc="13" el="35" ec="13" bec="0" bev="0" fileid="24" />
                <SequencePoint vc="5" uspid="476" ordinal="0" offset="293" sl="36" sc="13" el="36" ec="13" bec="0" bev="0" fileid="24" />
                <SequencePoint vc="5" uspid="477" ordinal="0" offset="316" sl="37" sc="13" el="37" ec="13" bec="0" bev="0" fileid="24" />
                <SequencePoint vc="5" uspid="478" ordinal="0" offset="349" sl="38" sc="13" el="38" ec="13" bec="0" bev="0" fileid="24" />
                <SequencePoint vc="5" uspid="479" ordinal="0" offset="398" sl="39" sc="9" el="39" ec="9" bec="0" bev="0" fileid="24" />
              </SequencePoints>
              <BranchPoints />
            </Method>
          </Methods>
        </Class>
        <Class>
          <Summary numSequencePoints="0" visitedSequencePoints="0" numBranchPoints="0" visitedBranchPoints="0" sequenceCoverage="0" branchCoverage="0" maxCyclomaticComplexity="0" minCyclomaticComplexity="0" maxCrapScore="0" minCrapScore="0" visitedClasses="0" numClasses="0" visitedMethods="0" numMethods="0" />
          <FullName>Domain.UseCases.RestartGame.RestartGameUseCase/&lt;Restart&gt;d__3</FullName>
          <Methods>
            <Method visited="true" cyclomaticComplexity="0" nPathComplexity="0" sequenceCoverage="66.7" branchCoverage="0" crapScore="0" isConstructor="false" isStatic="false" isGetter="false" isSetter="false">
              <Summary numSequencePoints="0" visitedSequencePoints="0" numBranchPoints="0" visitedBranchPoints="0" sequenceCoverage="66.7" branchCoverage="0" maxCyclomaticComplexity="0" minCyclomaticComplexity="0" maxCrapScore="0" minCrapScore="0" visitedClasses="0" numClasses="0" visitedMethods="0" numMethods="0" />
              <MetadataToken>100663361</MetadataToken>
              <Name>System.Void Domain.UseCases.RestartGame.RestartGameUseCase/&lt;Restart&gt;d__3::MoveNext()</Name>
              <FileRef uid="25" />
              <SequencePoints>
                <SequencePoint vc="2" uspid="480" ordinal="0" offset="14" sl="17" sc="9" el="17" ec="9" bec="0" bev="0" fileid="25" />
                <SequencePoint vc="2" uspid="481" ordinal="0" offset="15" sl="18" sc="13" el="18" ec="13" bec="0" bev="0" fileid="25" />
                <SequencePoint vc="0" uspid="482" ordinal="0" offset="55" sl="18" sc="13" el="18" ec="13" bec="0" bev="0" fileid="25" />
                <SequencePoint vc="0" uspid="483" ordinal="0" offset="82" sl="18" sc="13" el="18" ec="13" bec="0" bev="0" fileid="25" />
                <SequencePoint vc="2" uspid="484" ordinal="0" offset="118" sl="19" sc="13" el="19" ec="13" bec="0" bev="0" fileid="25" />
                <SequencePoint vc="2" uspid="485" ordinal="0" offset="166" sl="20" sc="9" el="20" ec="9" bec="0" bev="0" fileid="25" />
              </SequencePoints>
              <BranchPoints />
            </Method>
          </Methods>
        </Class>
        <Class>
          <Summary numSequencePoints="0" visitedSequencePoints="0" numBranchPoints="0" visitedBranchPoints="0" sequenceCoverage="0" branchCoverage="0" maxCyclomaticComplexity="0" minCyclomaticComplexity="0" maxCrapScore="0" minCrapScore="0" visitedClasses="0" numClasses="0" visitedMethods="0" numMethods="0" />
          <FullName>Domain.UseCases.GuessLetter.GuessLetterUseCase/&lt;Guess&gt;d__5</FullName>
          <Methods>
            <Method visited="true" cyclomaticComplexity="0" nPathComplexity="0" sequenceCoverage="83.3" branchCoverage="0" crapScore="0" isConstructor="false" isStatic="false" isGetter="false" isSetter="false">
              <Summary numSequencePoints="0" visitedSequencePoints="0" numBranchPoints="0" visitedBranchPoints="0" sequenceCoverage="83.3" branchCoverage="0" maxCyclomaticComplexity="0" minCyclomaticComplexity="0" maxCrapScore="0" minCrapScore="0" visitedClasses="0" numClasses="0" visitedMethods="0" numMethods="0" />
              <MetadataToken>100663364</MetadataToken>
              <Name>System.Void Domain.UseCases.GuessLetter.GuessLetterUseCase/&lt;Guess&gt;d__5::MoveNext()</Name>
              <FileRef uid="26" />
              <SequencePoints>
                <SequencePoint vc="5" uspid="486" ordinal="0" offset="14" sl="33" sc="9" el="33" ec="9" bec="0" bev="0" fileid="26" />
                <SequencePoint vc="5" uspid="487" ordinal="0" offset="15" sl="34" sc="13" el="34" ec="13" bec="0" bev="0" fileid="26" />
                <SequencePoint vc="5" uspid="488" ordinal="0" offset="38" sl="35" sc="13" el="35" ec="13" bec="0" bev="0" fileid="26" />
                <SequencePoint vc="0" uspid="489" ordinal="0" offset="84" sl="35" sc="13" el="35" ec="13" bec="0" bev="0" fileid="26" />
                <SequencePoint vc="0" uspid="490" ordinal="0" offset="114" sl="35" sc="13" el="35" ec="13" bec="0" bev="0" fileid="26" />
                <SequencePoint vc="5" uspid="491" ordinal="0" offset="243" sl="37" sc="13" el="37" ec="13" bec="0" bev="0" fileid="26" />
                <SequencePoint vc="5" uspid="492" ordinal="0" offset="271" sl="38" sc="13" el="38" ec="13" bec="0" bev="0" fileid="26" />
                <SequencePoint vc="5" uspid="493" ordinal="0" offset="294" sl="39" sc="13" el="39" ec="13" bec="0" bev="0" fileid="26" />
                <SequencePoint vc="5" uspid="494" ordinal="0" offset="317" sl="41" sc="13" el="41" ec="13" bec="0" bev="0" fileid="26" />
                <SequencePoint vc="5" uspid="495" ordinal="0" offset="377" sl="50" sc="13" el="50" ec="13" bec="0" bev="0" fileid="26" />
                <SequencePoint vc="5" uspid="496" ordinal="0" offset="394" sl="51" sc="13" el="51" ec="13" bec="0" bev="0" fileid="26" />
                <SequencePoint vc="5" uspid="497" ordinal="0" offset="443" sl="52" sc="9" el="52" ec="9" bec="0" bev="0" fileid="26" />
              </SequencePoints>
              <BranchPoints />
            </Method>
          </Methods>
        </Class>
        <Class>
          <Summary numSequencePoints="0" visitedSequencePoints="0" numBranchPoints="0" visitedBranchPoints="0" sequenceCoverage="0" branchCoverage="0" maxCyclomaticComplexity="0" minCyclomaticComplexity="0" maxCrapScore="0" minCrapScore="0" visitedClasses="0" numClasses="0" visitedMethods="0" numMethods="0" />
          <FullName>Domain.UseCases.CheckLastWordIsCompleted.CheckSolutionUseCase/&lt;Check&gt;d__4</FullName>
          <Methods>
            <Method visited="true" cyclomaticComplexity="0" nPathComplexity="0" sequenceCoverage="91.3" branchCoverage="0" crapScore="0" isConstructor="false" isStatic="false" isGetter="false" isSetter="false">
              <Summary numSequencePoints="0" visitedSequencePoints="0" numBranchPoints="0" visitedBranchPoints="0" sequenceCoverage="91.3" branchCoverage="0" maxCyclomaticComplexity="0" minCyclomaticComplexity="0" maxCrapScore="0" minCrapScore="0" visitedClasses="0" numClasses="0" visitedMethods="0" numMethods="0" />
              <MetadataToken>100663367</MetadataToken>
              <Name>System.Void Domain.UseCases.CheckLastWordIsCompleted.CheckSolutionUseCase/&lt;Check&gt;d__4::MoveNext()</Name>
              <FileRef uid="29" />
              <SequencePoints>
                <SequencePoint vc="8" uspid="498" ordinal="0" offset="17" sl="28" sc="9" el="28" ec="9" bec="0" bev="0" fileid="29" />
                <SequencePoint vc="8" uspid="499" ordinal="0" offset="18" sl="29" sc="13" el="29" ec="13" bec="0" bev="0" fileid="29" />
                <SequencePoint vc="8" uspid="500" ordinal="0" offset="40" sl="30" sc="13" el="30" ec="13" bec="0" bev="0" fileid="29" />
                <SequencePoint vc="4" uspid="501" ordinal="0" offset="58" sl="31" sc="13" el="31" ec="13" bec="0" bev="0" fileid="29" />
                <SequencePoint vc="4" uspid="502" ordinal="0" offset="59" sl="32" sc="17" el="32" ec="17" bec="0" bev="0" fileid="29" />
                <SequencePoint vc="2" uspid="503" ordinal="0" offset="84" sl="33" sc="17" el="33" ec="17" bec="0" bev="0" fileid="29" />
                <SequencePoint vc="2" uspid="504" ordinal="0" offset="85" sl="34" sc="21" el="34" ec="21" bec="0" bev="0" fileid="29" />
                <SequencePoint vc="2" uspid="505" ordinal="0" offset="90" sl="36" sc="17" el="36" ec="17" bec="0" bev="0" fileid="29" />
                <SequencePoint vc="2" uspid="506" ordinal="0" offset="115" sl="37" sc="17" el="37" ec="17" bec="0" bev="0" fileid="29" />
                <SequencePoint vc="1" uspid="507" ordinal="0" offset="138" sl="38" sc="17" el="38" ec="17" bec="0" bev="0" fileid="29" />
                <SequencePoint vc="1" uspid="508" ordinal="0" offset="139" sl="39" sc="21" el="39" ec="21" bec="0" bev="0" fileid="29" />
                <SequencePoint vc="1" uspid="509" ordinal="0" offset="161" sl="40" sc="17" el="40" ec="17" bec="0" bev="0" fileid="29" />
                <SequencePoint vc="2" uspid="510" ordinal="0" offset="162" sl="42" sc="17" el="42" ec="17" bec="0" bev="0" fileid="29" />
                <SequencePoint vc="4" uspid="511" ordinal="0" offset="167" sl="45" sc="13" el="45" ec="13" bec="0" bev="0" fileid="29" />
                <SequencePoint vc="0" uspid="512" ordinal="0" offset="208" sl="45" sc="13" el="45" ec="13" bec="0" bev="0" fileid="29" />
                <SequencePoint vc="0" uspid="513" ordinal="0" offset="240" sl="45" sc="13" el="45" ec="13" bec="0" bev="0" fileid="29" />
                <SequencePoint vc="4" uspid="514" ordinal="0" offset="370" sl="46" sc="13" el="46" ec="13" bec="0" bev="0" fileid="29" />
                <SequencePoint vc="4" uspid="515" ordinal="0" offset="393" sl="47" sc="13" el="47" ec="13" bec="0" bev="0" fileid="29" />
                <SequencePoint vc="4" uspid="516" ordinal="0" offset="416" sl="48" sc="13" el="48" ec="13" bec="0" bev="0" fileid="29" />
                <SequencePoint vc="3" uspid="517" ordinal="0" offset="439" sl="49" sc="13" el="49" ec="13" bec="0" bev="0" fileid="29" />
                <SequencePoint vc="3" uspid="518" ordinal="0" offset="440" sl="50" sc="17" el="50" ec="17" bec="0" bev="0" fileid="29" />
                <SequencePoint vc="3" uspid="519" ordinal="0" offset="462" sl="51" sc="13" el="51" ec="13" bec="0" bev="0" fileid="29" />
                <SequencePoint vc="8" uspid="520" ordinal="0" offset="491" sl="52" sc="9" el="52" ec="9" bec="0" bev="0" fileid="29" />
              </SequencePoints>
              <BranchPoints />
            </Method>
          </Methods>
        </Class>
      </Classes>
    </Module>
    <Module>
      <Summary numSequencePoints="0" visitedSequencePoints="0" numBranchPoints="0" visitedBranchPoints="0" sequenceCoverage="0" branchCoverage="0" maxCyclomaticComplexity="0" minCyclomaticComplexity="0" maxCrapScore="0" minCrapScore="0" visitedClasses="0" numClasses="0" visitedMethods="0" numMethods="0" />
      <ModuleTime>0001-01-01T00:00:00</ModuleTime>
      <ModuleName>Hangman.Installers</ModuleName>
      <Files>
        <File uid="34" fullPath="D:\Proyectos\Empresa\HangmanGame\Assets\Scripts\Installers\MainMenuInstaller.cs" />
      </Files>
      <Classes>
        <Class>
          <Summary numSequencePoints="0" visitedSequencePoints="0" numBranchPoints="0" visitedBranchPoints="0" sequenceCoverage="0" branchCoverage="0" maxCyclomaticComplexity="0" minCyclomaticComplexity="0" maxCrapScore="0" minCrapScore="0" visitedClasses="0" numClasses="0" visitedMethods="0" numMethods="0" />
          <FullName>Installers.MainMenuInstaller</FullName>
          <Methods>
            <Method visited="false" cyclomaticComplexity="0" nPathComplexity="0" sequenceCoverage="0.0" branchCoverage="0" crapScore="0" isConstructor="false" isStatic="false" isGetter="false" isSetter="false">
              <Summary numSequencePoints="0" visitedSequencePoints="0" numBranchPoints="0" visitedBranchPoints="0" sequenceCoverage="0.0" branchCoverage="0" maxCyclomaticComplexity="0" minCyclomaticComplexity="0" maxCrapScore="0" minCrapScore="0" visitedClasses="0" numClasses="0" visitedMethods="0" numMethods="0" />
              <MetadataToken>100663297</MetadataToken>
              <Name>System.Void Installers.MainMenuInstaller::Start()</Name>
              <FileRef uid="34" />
              <SequencePoints>
                <SequencePoint vc="0" uspid="521" ordinal="0" offset="0" sl="27" sc="0" el="27" ec="0" bec="0" bev="0" fileid="34" />
                <SequencePoint vc="0" uspid="522" ordinal="0" offset="1" sl="28" sc="0" el="28" ec="0" bec="0" bev="0" fileid="34" />
                <SequencePoint vc="0" uspid="523" ordinal="0" offset="7" sl="29" sc="0" el="29" ec="0" bec="0" bev="0" fileid="34" />
                <SequencePoint vc="0" uspid="524" ordinal="0" offset="13" sl="30" sc="0" el="30" ec="0" bec="0" bev="0" fileid="34" />
                <SequencePoint vc="0" uspid="525" ordinal="0" offset="19" sl="32" sc="0" el="32" ec="0" bec="0" bev="0" fileid="34" />
                <SequencePoint vc="0" uspid="526" ordinal="0" offset="29" sl="35" sc="0" el="35" ec="0" bec="0" bev="0" fileid="34" />
                <SequencePoint vc="0" uspid="527" ordinal="0" offset="35" sl="36" sc="0" el="36" ec="0" bec="0" bev="0" fileid="34" />
                <SequencePoint vc="0" uspid="528" ordinal="0" offset="53" sl="41" sc="0" el="41" ec="0" bec="0" bev="0" fileid="34" />
                <SequencePoint vc="0" uspid="529" ordinal="0" offset="60" sl="42" sc="0" el="42" ec="0" bec="0" bev="0" fileid="34" />
                <SequencePoint vc="0" uspid="530" ordinal="0" offset="77" sl="44" sc="0" el="44" ec="0" bec="0" bev="0" fileid="34" />
                <SequencePoint vc="0" uspid="531" ordinal="0" offset="87" sl="47" sc="0" el="47" ec="0" bec="0" bev="0" fileid="34" />
                <SequencePoint vc="0" uspid="532" ordinal="0" offset="115" sl="59" sc="0" el="59" ec="0" bec="0" bev="0" fileid="34" />
                <SequencePoint vc="0" uspid="533" ordinal="0" offset="132" sl="63" sc="0" el="63" ec="0" bec="0" bev="0" fileid="34" />
                <SequencePoint vc="0" uspid="534" ordinal="0" offset="142" sl="64" sc="0" el="64" ec="0" bec="0" bev="0" fileid="34" />
                <SequencePoint vc="0" uspid="535" ordinal="0" offset="152" sl="65" sc="0" el="65" ec="0" bec="0" bev="0" fileid="34" />
                <SequencePoint vc="0" uspid="536" ordinal="0" offset="162" sl="66" sc="0" el="66" ec="0" bec="0" bev="0" fileid="34" />
              </SequencePoints>
              <BranchPoints />
            </Method>
            <Method visited="false" cyclomaticComplexity="0" nPathComplexity="0" sequenceCoverage="0.0" branchCoverage="0" crapScore="0" isConstructor="false" isStatic="false" isGetter="false" isSetter="false">
              <Summary numSequencePoints="0" visitedSequencePoints="0" numBranchPoints="0" visitedBranchPoints="0" sequenceCoverage="0.0" branchCoverage="0" maxCyclomaticComplexity="0" minCyclomaticComplexity="0" maxCrapScore="0" minCrapScore="0" visitedClasses="0" numClasses="0" visitedMethods="0" numMethods="0" />
              <MetadataToken>100663298</MetadataToken>
              <Name>System.Void Installers.MainMenuInstaller::InstantiateViews(InterfaceAdapters.Controllers.MainMenuViewModel, InterfaceAdapters.Controllers.InGameViewModel, InterfaceAdapters.Controllers.LoadingViewModel)</Name>
              <FileRef uid="34" />
              <SequencePoints>
                <SequencePoint vc="0" uspid="537" ordinal="0" offset="0" sl="73" sc="0" el="73" ec="0" bec="0" bev="0" fileid="34" />
                <SequencePoint vc="0" uspid="538" ordinal="0" offset="1" sl="74" sc="0" el="74" ec="0" bec="0" bev="0" fileid="34" />
                <SequencePoint vc="0" uspid="539" ordinal="0" offset="13" sl="75" sc="0" el="75" ec="0" bec="0" bev="0" fileid="34" />
                <SequencePoint vc="0" uspid="540" ordinal="0" offset="21" sl="77" sc="0" el="77" ec="0" bec="0" bev="0" fileid="34" />
                <SequencePoint vc="0" uspid="541" ordinal="0" offset="33" sl="79" sc="0" el="79" ec="0" bec="0" bev="0" fileid="34" />
                <SequencePoint vc="0" uspid="542" ordinal="0" offset="41" sl="80" sc="0" el="80" ec="0" bec="0" bev="0" fileid="34" />
                <SequencePoint vc="0" uspid="543" ordinal="0" offset="54" sl="83" sc="0" el="83" ec="0" bec="0" bev="0" fileid="34" />
                <SequencePoint vc="0" uspid="544" ordinal="0" offset="67" sl="87" sc="0" el="87" ec="0" bec="0" bev="0" fileid="34" />
                <SequencePoint vc="0" uspid="545" ordinal="0" offset="79" sl="88" sc="0" el="88" ec="0" bec="0" bev="0" fileid="34" />
                <SequencePoint vc="0" uspid="546" ordinal="0" offset="87" sl="89" sc="0" el="89" ec="0" bec="0" bev="0" fileid="34" />
              </SequencePoints>
              <BranchPoints />
            </Method>
          </Methods>
        </Class>
      </Classes>
    </Module>
  </Modules>
</CoverageSession>